{"C:\\Users\\admin\\Documents\\ice_cream\\src\\app.js": {"path":"C:\\Users\\admin\\Documents\\ice_cream\\src\\app.js","statementMap":{"0":{"start":{"line":1,"column":17},"end":{"line":1,"column":35}},"1":{"start":{"line":2,"column":15},"end":{"line":2,"column":32}},"2":{"start":{"line":3,"column":13},"end":{"line":3,"column":28}},"3":{"start":{"line":4,"column":18},"end":{"line":4,"column":47}},"4":{"start":{"line":5,"column":21},"end":{"line":5,"column":45}},"5":{"start":{"line":6,"column":22},"end":{"line":6,"column":55}},"6":{"start":{"line":7,"column":12},"end":{"line":7,"column":26}},"7":{"start":{"line":8,"column":13},"end":{"line":8,"column":28}},"8":{"start":{"line":10,"column":12},"end":{"line":10,"column":35}},"9":{"start":{"line":12,"column":0},"end":{"line":18,"column":1}},"10":{"start":{"line":13,"column":2},"end":{"line":13,"column":56}},"11":{"start":{"line":14,"column":2},"end":{"line":14,"column":55}},"12":{"start":{"line":15,"column":2},"end":{"line":15,"column":56}},"13":{"start":{"line":16,"column":2},"end":{"line":16,"column":54}},"14":{"start":{"line":17,"column":2},"end":{"line":17,"column":41}},"15":{"start":{"line":20,"column":21},"end":{"line":20,"column":54}},"16":{"start":{"line":21,"column":25},"end":{"line":21,"column":62}},"17":{"start":{"line":22,"column":48},"end":{"line":22,"column":73}},"18":{"start":{"line":23,"column":43},"end":{"line":23,"column":72}},"19":{"start":{"line":25,"column":19},"end":{"line":25,"column":56}},"20":{"start":{"line":26,"column":23},"end":{"line":26,"column":58}},"21":{"start":{"line":27,"column":20},"end":{"line":27,"column":59}},"22":{"start":{"line":28,"column":25},"end":{"line":28,"column":74}},"23":{"start":{"line":29,"column":23},"end":{"line":29,"column":68}},"24":{"start":{"line":30,"column":20},"end":{"line":30,"column":59}},"25":{"start":{"line":31,"column":21},"end":{"line":31,"column":62}},"26":{"start":{"line":32,"column":24},"end":{"line":32,"column":71}},"27":{"start":{"line":33,"column":23},"end":{"line":33,"column":68}},"28":{"start":{"line":34,"column":20},"end":{"line":34,"column":59}},"29":{"start":{"line":35,"column":22},"end":{"line":35,"column":65}},"30":{"start":{"line":36,"column":23},"end":{"line":36,"column":68}},"31":{"start":{"line":37,"column":22},"end":{"line":37,"column":65}},"32":{"start":{"line":38,"column":22},"end":{"line":38,"column":65}},"33":{"start":{"line":39,"column":25},"end":{"line":39,"column":74}},"34":{"start":{"line":40,"column":24},"end":{"line":40,"column":71}},"35":{"start":{"line":41,"column":26},"end":{"line":41,"column":77}},"36":{"start":{"line":42,"column":19},"end":{"line":42,"column":56}},"37":{"start":{"line":44,"column":12},"end":{"line":44,"column":21}},"38":{"start":{"line":46,"column":0},"end":{"line":46,"column":18}},"39":{"start":{"line":47,"column":26},"end":{"line":54,"column":17}},"40":{"start":{"line":50,"column":19},"end":{"line":50,"column":30}},"41":{"start":{"line":55,"column":23},"end":{"line":55,"column":61}},"42":{"start":{"line":57,"column":0},"end":{"line":59,"column":1}},"43":{"start":{"line":58,"column":2},"end":{"line":58,"column":58}},"44":{"start":{"line":62,"column":2},"end":{"line":66,"column":3}},"45":{"start":{"line":63,"column":4},"end":{"line":63,"column":54}},"46":{"start":{"line":65,"column":4},"end":{"line":65,"column":58}},"47":{"start":{"line":70,"column":27},"end":{"line":70,"column":50}},"48":{"start":{"line":71,"column":2},"end":{"line":71,"column":38}},"49":{"start":{"line":71,"column":25},"end":{"line":71,"column":38}},"50":{"start":{"line":72,"column":2},"end":{"line":72,"column":82}},"51":{"start":{"line":72,"column":70},"end":{"line":72,"column":82}},"52":{"start":{"line":73,"column":2},"end":{"line":73,"column":90}},"53":{"start":{"line":73,"column":78},"end":{"line":73,"column":90}},"54":{"start":{"line":75,"column":28},"end":{"line":75,"column":104}},"55":{"start":{"line":75,"column":58},"end":{"line":75,"column":103}},"56":{"start":{"line":76,"column":2},"end":{"line":76,"column":102}},"57":{"start":{"line":76,"column":90},"end":{"line":76,"column":102}},"58":{"start":{"line":78,"column":2},"end":{"line":78,"column":15}},"59":{"start":{"line":81,"column":0},"end":{"line":90,"column":2}},"60":{"start":{"line":84,"column":6},"end":{"line":84,"column":47}},"61":{"start":{"line":84,"column":19},"end":{"line":84,"column":47}},"62":{"start":{"line":85,"column":6},"end":{"line":85,"column":63}},"63":{"start":{"line":85,"column":35},"end":{"line":85,"column":63}},"64":{"start":{"line":86,"column":6},"end":{"line":86,"column":56}},"65":{"start":{"line":91,"column":0},"end":{"line":98,"column":2}},"66":{"start":{"line":100,"column":20},"end":{"line":105,"column":2}},"67":{"start":{"line":107,"column":0},"end":{"line":114,"column":2}},"68":{"start":{"line":111,"column":6},"end":{"line":111,"column":41}},"69":{"start":{"line":115,"column":0},"end":{"line":115,"column":24}},"70":{"start":{"line":116,"column":0},"end":{"line":116,"column":25}},"71":{"start":{"line":117,"column":0},"end":{"line":117,"column":15}},"72":{"start":{"line":118,"column":0},"end":{"line":118,"column":24}},"73":{"start":{"line":120,"column":0},"end":{"line":120,"column":50}},"74":{"start":{"line":122,"column":0},"end":{"line":124,"column":3}},"75":{"start":{"line":123,"column":2},"end":{"line":123,"column":56}},"76":{"start":{"line":126,"column":0},"end":{"line":126,"column":55}},"77":{"start":{"line":128,"column":0},"end":{"line":130,"column":3}},"78":{"start":{"line":129,"column":2},"end":{"line":129,"column":43}},"79":{"start":{"line":132,"column":0},"end":{"line":135,"column":3}},"80":{"start":{"line":133,"column":2},"end":{"line":133,"column":60}},"81":{"start":{"line":134,"column":2},"end":{"line":134,"column":58}},"82":{"start":{"line":137,"column":0},"end":{"line":137,"column":49}},"83":{"start":{"line":138,"column":0},"end":{"line":138,"column":40}},"84":{"start":{"line":139,"column":0},"end":{"line":139,"column":38}},"85":{"start":{"line":140,"column":0},"end":{"line":140,"column":48}},"86":{"start":{"line":141,"column":0},"end":{"line":141,"column":44}},"87":{"start":{"line":142,"column":0},"end":{"line":142,"column":38}},"88":{"start":{"line":143,"column":0},"end":{"line":143,"column":40}},"89":{"start":{"line":144,"column":0},"end":{"line":144,"column":46}},"90":{"start":{"line":145,"column":0},"end":{"line":145,"column":44}},"91":{"start":{"line":146,"column":0},"end":{"line":146,"column":38}},"92":{"start":{"line":147,"column":0},"end":{"line":147,"column":42}},"93":{"start":{"line":148,"column":0},"end":{"line":148,"column":44}},"94":{"start":{"line":149,"column":0},"end":{"line":149,"column":42}},"95":{"start":{"line":150,"column":0},"end":{"line":150,"column":42}},"96":{"start":{"line":151,"column":0},"end":{"line":151,"column":49}},"97":{"start":{"line":152,"column":0},"end":{"line":152,"column":53}},"98":{"start":{"line":153,"column":0},"end":{"line":153,"column":51}},"99":{"start":{"line":154,"column":0},"end":{"line":154,"column":36}},"100":{"start":{"line":156,"column":0},"end":{"line":156,"column":18}},"101":{"start":{"line":157,"column":0},"end":{"line":157,"column":22}},"102":{"start":{"line":159,"column":0},"end":{"line":159,"column":21}}},"fnMap":{"0":{"name":"(anonymous_0)","decl":{"start":{"line":50,"column":9},"end":{"line":50,"column":10}},"loc":{"start":{"line":50,"column":19},"end":{"line":50,"column":30}},"line":50},"1":{"name":"normalizeOrigin","decl":{"start":{"line":61,"column":9},"end":{"line":61,"column":24}},"loc":{"start":{"line":61,"column":32},"end":{"line":67,"column":1}},"line":61},"2":{"name":"isAllowedOrigin","decl":{"start":{"line":69,"column":9},"end":{"line":69,"column":24}},"loc":{"start":{"line":69,"column":33},"end":{"line":79,"column":1}},"line":69},"3":{"name":"(anonymous_3)","decl":{"start":{"line":75,"column":48},"end":{"line":75,"column":49}},"loc":{"start":{"line":75,"column":58},"end":{"line":75,"column":103}},"line":75},"4":{"name":"(anonymous_4)","decl":{"start":{"line":83,"column":4},"end":{"line":83,"column":5}},"loc":{"start":{"line":83,"column":29},"end":{"line":87,"column":5}},"line":83},"5":{"name":"(anonymous_5)","decl":{"start":{"line":110,"column":12},"end":{"line":110,"column":13}},"loc":{"start":{"line":110,"column":32},"end":{"line":112,"column":5}},"line":110},"6":{"name":"(anonymous_6)","decl":{"start":{"line":122,"column":19},"end":{"line":122,"column":20}},"loc":{"start":{"line":122,"column":34},"end":{"line":124,"column":1}},"line":122},"7":{"name":"(anonymous_7)","decl":{"start":{"line":128,"column":34},"end":{"line":128,"column":35}},"loc":{"start":{"line":128,"column":49},"end":{"line":130,"column":1}},"line":128},"8":{"name":"(anonymous_8)","decl":{"start":{"line":132,"column":21},"end":{"line":132,"column":22}},"loc":{"start":{"line":132,"column":36},"end":{"line":135,"column":1}},"line":132}},"branchMap":{"0":{"loc":{"start":{"line":12,"column":0},"end":{"line":18,"column":1}},"type":"if","locations":[{"start":{"line":12,"column":0},"end":{"line":18,"column":1}},{"start":{},"end":{}}],"line":12},"1":{"loc":{"start":{"line":48,"column":12},"end":{"line":48,"column":32}},"type":"binary-expr","locations":[{"start":{"line":48,"column":12},"end":{"line":48,"column":26}},{"start":{"line":48,"column":30},"end":{"line":48,"column":32}}],"line":48},"2":{"loc":{"start":{"line":52,"column":9},"end":{"line":52,"column":30}},"type":"binary-expr","locations":[{"start":{"line":52,"column":9},"end":{"line":52,"column":24}},{"start":{"line":52,"column":28},"end":{"line":52,"column":30}}],"line":52},"3":{"loc":{"start":{"line":53,"column":9},"end":{"line":53,"column":29}},"type":"binary-expr","locations":[{"start":{"line":53,"column":9},"end":{"line":53,"column":23}},{"start":{"line":53,"column":27},"end":{"line":53,"column":29}}],"line":53},"4":{"loc":{"start":{"line":57,"column":0},"end":{"line":59,"column":1}},"type":"if","locations":[{"start":{"line":57,"column":0},"end":{"line":59,"column":1}},{"start":{},"end":{}}],"line":57},"5":{"loc":{"start":{"line":63,"column":26},"end":{"line":63,"column":37}},"type":"binary-expr","locations":[{"start":{"line":63,"column":26},"end":{"line":63,"column":31}},{"start":{"line":63,"column":35},"end":{"line":63,"column":37}}],"line":63},"6":{"loc":{"start":{"line":65,"column":18},"end":{"line":65,"column":29}},"type":"binary-expr","locations":[{"start":{"line":65,"column":18},"end":{"line":65,"column":23}},{"start":{"line":65,"column":27},"end":{"line":65,"column":29}}],"line":65},"7":{"loc":{"start":{"line":71,"column":2},"end":{"line":71,"column":38}},"type":"if","locations":[{"start":{"line":71,"column":2},"end":{"line":71,"column":38}},{"start":{},"end":{}}],"line":71},"8":{"loc":{"start":{"line":72,"column":2},"end":{"line":72,"column":82}},"type":"if","locations":[{"start":{"line":72,"column":2},"end":{"line":72,"column":82}},{"start":{},"end":{}}],"line":72},"9":{"loc":{"start":{"line":73,"column":2},"end":{"line":73,"column":90}},"type":"if","locations":[{"start":{"line":73,"column":2},"end":{"line":73,"column":90}},{"start":{},"end":{}}],"line":73},"10":{"loc":{"start":{"line":76,"column":2},"end":{"line":76,"column":102}},"type":"if","locations":[{"start":{"line":76,"column":2},"end":{"line":76,"column":102}},{"start":{},"end":{}}],"line":76},"11":{"loc":{"start":{"line":76,"column":6},"end":{"line":76,"column":88}},"type":"binary-expr","locations":[{"start":{"line":76,"column":6},"end":{"line":76,"column":23}},{"start":{"line":76,"column":27},"end":{"line":76,"column":88}}],"line":76},"12":{"loc":{"start":{"line":84,"column":6},"end":{"line":84,"column":47}},"type":"if","locations":[{"start":{"line":84,"column":6},"end":{"line":84,"column":47}},{"start":{},"end":{}}],"line":84},"13":{"loc":{"start":{"line":85,"column":6},"end":{"line":85,"column":63}},"type":"if","locations":[{"start":{"line":85,"column":6},"end":{"line":85,"column":63}},{"start":{},"end":{}}],"line":85}},"s":{"0":2,"1":2,"2":2,"3":2,"4":2,"5":2,"6":2,"7":2,"8":2,"9":2,"10":0,"11":0,"12":0,"13":0,"14":0,"15":2,"16":2,"17":2,"18":2,"19":2,"20":2,"21":2,"22":2,"23":2,"24":2,"25":2,"26":2,"27":2,"28":2,"29":2,"30":2,"31":2,"32":2,"33":2,"34":2,"35":2,"36":2,"37":2,"38":2,"39":2,"40":2,"41":2,"42":2,"43":0,"44":0,"45":0,"46":0,"47":0,"48":0,"49":0,"50":0,"51":0,"52":0,"53":0,"54":0,"55":0,"56":0,"57":0,"58":0,"59":2,"60":0,"61":0,"62":0,"63":0,"64":0,"65":2,"66":2,"67":2,"68":0,"69":2,"70":2,"71":2,"72":2,"73":2,"74":2,"75":0,"76":2,"77":2,"78":0,"79":2,"80":0,"81":0,"82":2,"83":2,"84":2,"85":2,"86":2,"87":2,"88":2,"89":2,"90":2,"91":2,"92":2,"93":2,"94":2,"95":2,"96":2,"97":2,"98":2,"99":2,"100":2,"101":2,"102":2},"f":{"0":2,"1":0,"2":0,"3":0,"4":0,"5":0,"6":0,"7":0,"8":0},"b":{"0":[0,2],"1":[2,0],"2":[2,0],"3":[2,0],"4":[0,2],"5":[0,0],"6":[0,0],"7":[0,0],"8":[0,0],"9":[0,0],"10":[0,0],"11":[0,0],"12":[0,0],"13":[0,0]},"_coverageSchema":"1a1c01bbd47fc00a2c39e90264f33305004495a9","hash":"299452719fe1dd521cabd16af59d5752a286cc08"}
,"C:\\Users\\admin\\Documents\\ice_cream\\src\\config\\cloudinary.js": {"path":"C:\\Users\\admin\\Documents\\ice_cream\\src\\config\\cloudinary.js","statementMap":{"0":{"start":{"line":1,"column":16},"end":{"line":1,"column":33}},"1":{"start":{"line":2,"column":12},"end":{"line":2,"column":28}},"2":{"start":{"line":5,"column":15},"end":{"line":5,"column":41}},"3":{"start":{"line":6,"column":17},"end":{"line":6,"column":69}},"4":{"start":{"line":6,"column":35},"end":{"line":6,"column":58}},"5":{"start":{"line":7,"column":2},"end":{"line":7,"column":81}},"6":{"start":{"line":11,"column":2},"end":{"line":13,"column":3}},"7":{"start":{"line":12,"column":4},"end":{"line":12,"column":53}},"8":{"start":{"line":15,"column":19},"end":{"line":15,"column":92}},"9":{"start":{"line":16,"column":15},"end":{"line":16,"column":36}},"10":{"start":{"line":17,"column":2},"end":{"line":17,"column":33}},"11":{"start":{"line":18,"column":2},"end":{"line":18,"column":32}},"12":{"start":{"line":20,"column":2},"end":{"line":34,"column":3}},"13":{"start":{"line":21,"column":4},"end":{"line":21,"column":61}},"14":{"start":{"line":23,"column":4},"end":{"line":25,"column":5}},"15":{"start":{"line":24,"column":6},"end":{"line":24,"column":60}},"16":{"start":{"line":27,"column":22},"end":{"line":27,"column":51}},"17":{"start":{"line":28,"column":24},"end":{"line":28,"column":45}},"18":{"start":{"line":29,"column":22},"end":{"line":29,"column":74}},"19":{"start":{"line":31,"column":4},"end":{"line":31,"column":49}},"20":{"start":{"line":32,"column":4},"end":{"line":32,"column":48}},"21":{"start":{"line":33,"column":4},"end":{"line":33,"column":40}},"22":{"start":{"line":36,"column":19},"end":{"line":40,"column":4}},"23":{"start":{"line":42,"column":15},"end":{"line":42,"column":36}},"24":{"start":{"line":43,"column":2},"end":{"line":46,"column":3}},"25":{"start":{"line":44,"column":20},"end":{"line":44,"column":110}},"26":{"start":{"line":45,"column":4},"end":{"line":45,"column":29}},"27":{"start":{"line":48,"column":2},"end":{"line":54,"column":4}},"28":{"start":{"line":57,"column":0},"end":{"line":59,"column":2}}},"fnMap":{"0":{"name":"buildSignature","decl":{"start":{"line":4,"column":9},"end":{"line":4,"column":23}},"loc":{"start":{"line":4,"column":43},"end":{"line":8,"column":1}},"line":4},"1":{"name":"(anonymous_1)","decl":{"start":{"line":6,"column":26},"end":{"line":6,"column":27}},"loc":{"start":{"line":6,"column":35},"end":{"line":6,"column":58}},"line":6},"2":{"name":"uploadBase64ImageToCloudinary","decl":{"start":{"line":10,"column":15},"end":{"line":10,"column":44}},"loc":{"start":{"line":10,"column":82},"end":{"line":55,"column":1}},"line":10}},"branchMap":{"0":{"loc":{"start":{"line":10,"column":58},"end":{"line":10,"column":78}},"type":"default-arg","locations":[{"start":{"line":10,"column":67},"end":{"line":10,"column":78}}],"line":10},"1":{"loc":{"start":{"line":11,"column":2},"end":{"line":13,"column":3}},"type":"if","locations":[{"start":{"line":11,"column":2},"end":{"line":13,"column":3}},{"start":{},"end":{}}],"line":11},"2":{"loc":{"start":{"line":20,"column":2},"end":{"line":34,"column":3}},"type":"if","locations":[{"start":{"line":20,"column":2},"end":{"line":34,"column":3}},{"start":{"line":22,"column":9},"end":{"line":34,"column":3}}],"line":20},"3":{"loc":{"start":{"line":23,"column":4},"end":{"line":25,"column":5}},"type":"if","locations":[{"start":{"line":23,"column":4},"end":{"line":25,"column":5}},{"start":{},"end":{}}],"line":23},"4":{"loc":{"start":{"line":23,"column":8},"end":{"line":23,"column":57}},"type":"binary-expr","locations":[{"start":{"line":23,"column":8},"end":{"line":23,"column":29}},{"start":{"line":23,"column":33},"end":{"line":23,"column":57}}],"line":23},"5":{"loc":{"start":{"line":43,"column":2},"end":{"line":46,"column":3}},"type":"if","locations":[{"start":{"line":43,"column":2},"end":{"line":46,"column":3}},{"start":{},"end":{}}],"line":43},"6":{"loc":{"start":{"line":44,"column":20},"end":{"line":44,"column":110}},"type":"cond-expr","locations":[{"start":{"line":44,"column":63},"end":{"line":44,"column":81}},{"start":{"line":44,"column":84},"end":{"line":44,"column":110}}],"line":44},"7":{"loc":{"start":{"line":44,"column":20},"end":{"line":44,"column":60}},"type":"binary-expr","locations":[{"start":{"line":44,"column":20},"end":{"line":44,"column":24}},{"start":{"line":44,"column":28},"end":{"line":44,"column":38}},{"start":{"line":44,"column":42},"end":{"line":44,"column":60}}],"line":44}},"s":{"0":2,"1":2,"2":0,"3":0,"4":0,"5":0,"6":0,"7":0,"8":0,"9":0,"10":0,"11":0,"12":0,"13":0,"14":0,"15":0,"16":0,"17":0,"18":0,"19":0,"20":0,"21":0,"22":0,"23":0,"24":0,"25":0,"26":0,"27":0,"28":2},"f":{"0":0,"1":0,"2":0},"b":{"0":[0],"1":[0,0],"2":[0,0],"3":[0,0],"4":[0,0],"5":[0,0],"6":[0,0],"7":[0,0,0]},"_coverageSchema":"1a1c01bbd47fc00a2c39e90264f33305004495a9","hash":"9b056f795768e0bd932040e324516b837b4acfe6"}
,"C:\\Users\\admin\\Documents\\ice_cream\\src\\config\\env.js": {"path":"C:\\Users\\admin\\Documents\\ice_cream\\src\\config\\env.js","statementMap":{"0":{"start":{"line":1,"column":17},"end":{"line":1,"column":34}},"1":{"start":{"line":3,"column":0},"end":{"line":3,"column":16}},"2":{"start":{"line":6,"column":16},"end":{"line":6,"column":45}},"3":{"start":{"line":7,"column":2},"end":{"line":7,"column":58}},"4":{"start":{"line":7,"column":14},"end":{"line":7,"column":58}},"5":{"start":{"line":8,"column":2},"end":{"line":8,"column":15}},"6":{"start":{"line":10,"column":21},"end":{"line":10,"column":58}},"7":{"start":{"line":12,"column":0},"end":{"line":49,"column":2}}},"fnMap":{"0":{"name":"required","decl":{"start":{"line":5,"column":9},"end":{"line":5,"column":17}},"loc":{"start":{"line":5,"column":34},"end":{"line":9,"column":1}},"line":5}},"branchMap":{"0":{"loc":{"start":{"line":6,"column":16},"end":{"line":6,"column":45}},"type":"binary-expr","locations":[{"start":{"line":6,"column":16},"end":{"line":6,"column":33}},{"start":{"line":6,"column":37},"end":{"line":6,"column":45}}],"line":6},"1":{"loc":{"start":{"line":7,"column":2},"end":{"line":7,"column":58}},"type":"if","locations":[{"start":{"line":7,"column":2},"end":{"line":7,"column":58}},{"start":{},"end":{}}],"line":7},"2":{"loc":{"start":{"line":13,"column":11},"end":{"line":13,"column":48}},"type":"binary-expr","locations":[{"start":{"line":13,"column":11},"end":{"line":13,"column":31}},{"start":{"line":13,"column":35},"end":{"line":13,"column":48}}],"line":13},"3":{"loc":{"start":{"line":14,"column":15},"end":{"line":14,"column":64}},"type":"binary-expr","locations":[{"start":{"line":14,"column":15},"end":{"line":14,"column":31}},{"start":{"line":14,"column":36},"end":{"line":14,"column":63}}],"line":14},"4":{"loc":{"start":{"line":14,"column":36},"end":{"line":14,"column":63}},"type":"cond-expr","locations":[{"start":{"line":14,"column":51},"end":{"line":14,"column":56}},{"start":{"line":14,"column":59},"end":{"line":14,"column":63}}],"line":14},"5":{"loc":{"start":{"line":15,"column":14},"end":{"line":15,"column":123}},"type":"binary-expr","locations":[{"start":{"line":15,"column":14},"end":{"line":15,"column":38}},{"start":{"line":15,"column":43},"end":{"line":15,"column":122}}],"line":15},"6":{"loc":{"start":{"line":15,"column":43},"end":{"line":15,"column":122}},"type":"cond-expr","locations":[{"start":{"line":15,"column":58},"end":{"line":15,"column":96}},{"start":{"line":15,"column":99},"end":{"line":15,"column":122}}],"line":15},"7":{"loc":{"start":{"line":16,"column":15},"end":{"line":16,"column":118}},"type":"binary-expr","locations":[{"start":{"line":16,"column":15},"end":{"line":16,"column":39}},{"start":{"line":16,"column":44},"end":{"line":16,"column":117}}],"line":16},"8":{"loc":{"start":{"line":16,"column":44},"end":{"line":16,"column":117}},"type":"cond-expr","locations":[{"start":{"line":16,"column":59},"end":{"line":16,"column":91}},{"start":{"line":16,"column":94},"end":{"line":16,"column":117}}],"line":16},"9":{"loc":{"start":{"line":18,"column":14},"end":{"line":18,"column":149}},"type":"binary-expr","locations":[{"start":{"line":18,"column":14},"end":{"line":18,"column":37}},{"start":{"line":18,"column":42},"end":{"line":18,"column":148}}],"line":18},"10":{"loc":{"start":{"line":18,"column":42},"end":{"line":18,"column":148}},"type":"cond-expr","locations":[{"start":{"line":18,"column":57},"end":{"line":18,"column":122}},{"start":{"line":18,"column":125},"end":{"line":18,"column":148}}],"line":18},"11":{"loc":{"start":{"line":21,"column":17},"end":{"line":21,"column":58}},"type":"binary-expr","locations":[{"start":{"line":21,"column":17},"end":{"line":21,"column":49}},{"start":{"line":21,"column":53},"end":{"line":21,"column":58}}],"line":21},"12":{"loc":{"start":{"line":22,"column":18},"end":{"line":22,"column":59}},"type":"binary-expr","locations":[{"start":{"line":22,"column":18},"end":{"line":22,"column":51}},{"start":{"line":22,"column":55},"end":{"line":22,"column":59}}],"line":22},"13":{"loc":{"start":{"line":23,"column":12},"end":{"line":23,"column":39}},"type":"binary-expr","locations":[{"start":{"line":23,"column":12},"end":{"line":23,"column":33}},{"start":{"line":23,"column":37},"end":{"line":23,"column":39}}],"line":23},"14":{"loc":{"start":{"line":24,"column":24},"end":{"line":24,"column":88}},"type":"binary-expr","locations":[{"start":{"line":24,"column":24},"end":{"line":24,"column":58}},{"start":{"line":24,"column":62},"end":{"line":24,"column":88}}],"line":24},"15":{"loc":{"start":{"line":25,"column":19},"end":{"line":25,"column":54}},"type":"binary-expr","locations":[{"start":{"line":25,"column":19},"end":{"line":25,"column":48}},{"start":{"line":25,"column":52},"end":{"line":25,"column":54}}],"line":25},"16":{"loc":{"start":{"line":26,"column":23},"end":{"line":26,"column":62}},"type":"binary-expr","locations":[{"start":{"line":26,"column":23},"end":{"line":26,"column":56}},{"start":{"line":26,"column":60},"end":{"line":26,"column":62}}],"line":26},"17":{"loc":{"start":{"line":27,"column":20},"end":{"line":27,"column":163}},"type":"binary-expr","locations":[{"start":{"line":27,"column":20},"end":{"line":27,"column":50}},{"start":{"line":27,"column":55},"end":{"line":27,"column":162}}],"line":27},"18":{"loc":{"start":{"line":27,"column":55},"end":{"line":27,"column":162}},"type":"cond-expr","locations":[{"start":{"line":27,"column":70},"end":{"line":27,"column":119}},{"start":{"line":27,"column":122},"end":{"line":27,"column":162}}],"line":27},"19":{"loc":{"start":{"line":28,"column":19},"end":{"line":28,"column":159}},"type":"binary-expr","locations":[{"start":{"line":28,"column":19},"end":{"line":28,"column":48}},{"start":{"line":28,"column":53},"end":{"line":28,"column":158}}],"line":28},"20":{"loc":{"start":{"line":28,"column":53},"end":{"line":28,"column":158}},"type":"cond-expr","locations":[{"start":{"line":28,"column":68},"end":{"line":28,"column":116}},{"start":{"line":28,"column":119},"end":{"line":28,"column":158}}],"line":28},"21":{"loc":{"start":{"line":29,"column":16},"end":{"line":29,"column":48}},"type":"binary-expr","locations":[{"start":{"line":29,"column":16},"end":{"line":29,"column":42}},{"start":{"line":29,"column":46},"end":{"line":29,"column":48}}],"line":29},"22":{"loc":{"start":{"line":30,"column":19},"end":{"line":30,"column":54}},"type":"binary-expr","locations":[{"start":{"line":30,"column":19},"end":{"line":30,"column":48}},{"start":{"line":30,"column":52},"end":{"line":30,"column":54}}],"line":30},"23":{"loc":{"start":{"line":31,"column":12},"end":{"line":31,"column":89}},"type":"binary-expr","locations":[{"start":{"line":31,"column":12},"end":{"line":31,"column":33}},{"start":{"line":31,"column":37},"end":{"line":31,"column":89}}],"line":31},"24":{"loc":{"start":{"line":32,"column":18},"end":{"line":32,"column":193}},"type":"binary-expr","locations":[{"start":{"line":32,"column":18},"end":{"line":32,"column":46}},{"start":{"line":32,"column":51},"end":{"line":32,"column":192}}],"line":32},"25":{"loc":{"start":{"line":32,"column":51},"end":{"line":32,"column":192}},"type":"cond-expr","locations":[{"start":{"line":32,"column":66},"end":{"line":32,"column":135}},{"start":{"line":32,"column":138},"end":{"line":32,"column":192}}],"line":32},"26":{"loc":{"start":{"line":33,"column":19},"end":{"line":33,"column":54}},"type":"binary-expr","locations":[{"start":{"line":33,"column":19},"end":{"line":33,"column":48}},{"start":{"line":33,"column":52},"end":{"line":33,"column":54}}],"line":33},"27":{"loc":{"start":{"line":34,"column":17},"end":{"line":34,"column":50}},"type":"binary-expr","locations":[{"start":{"line":34,"column":17},"end":{"line":34,"column":44}},{"start":{"line":34,"column":48},"end":{"line":34,"column":50}}],"line":34},"28":{"loc":{"start":{"line":35,"column":17},"end":{"line":35,"column":50}},"type":"binary-expr","locations":[{"start":{"line":35,"column":17},"end":{"line":35,"column":44}},{"start":{"line":35,"column":48},"end":{"line":35,"column":50}}],"line":35},"29":{"loc":{"start":{"line":36,"column":16},"end":{"line":36,"column":97}},"type":"binary-expr","locations":[{"start":{"line":36,"column":16},"end":{"line":36,"column":41}},{"start":{"line":36,"column":45},"end":{"line":36,"column":97}}],"line":36},"30":{"loc":{"start":{"line":37,"column":17},"end":{"line":37,"column":189}},"type":"binary-expr","locations":[{"start":{"line":37,"column":17},"end":{"line":37,"column":44}},{"start":{"line":37,"column":49},"end":{"line":37,"column":188}}],"line":37},"31":{"loc":{"start":{"line":37,"column":49},"end":{"line":37,"column":188}},"type":"cond-expr","locations":[{"start":{"line":37,"column":64},"end":{"line":37,"column":132}},{"start":{"line":37,"column":135},"end":{"line":37,"column":188}}],"line":37},"32":{"loc":{"start":{"line":38,"column":17},"end":{"line":38,"column":187}},"type":"binary-expr","locations":[{"start":{"line":38,"column":17},"end":{"line":38,"column":44}},{"start":{"line":38,"column":49},"end":{"line":38,"column":186}}],"line":38},"33":{"loc":{"start":{"line":38,"column":49},"end":{"line":38,"column":186}},"type":"cond-expr","locations":[{"start":{"line":38,"column":64},"end":{"line":38,"column":131}},{"start":{"line":38,"column":134},"end":{"line":38,"column":186}}],"line":38},"34":{"loc":{"start":{"line":39,"column":23},"end":{"line":39,"column":62}},"type":"binary-expr","locations":[{"start":{"line":39,"column":23},"end":{"line":39,"column":56}},{"start":{"line":39,"column":60},"end":{"line":39,"column":62}}],"line":39},"35":{"loc":{"start":{"line":40,"column":20},"end":{"line":40,"column":56}},"type":"binary-expr","locations":[{"start":{"line":40,"column":20},"end":{"line":40,"column":50}},{"start":{"line":40,"column":54},"end":{"line":40,"column":56}}],"line":40},"36":{"loc":{"start":{"line":41,"column":23},"end":{"line":41,"column":62}},"type":"binary-expr","locations":[{"start":{"line":41,"column":23},"end":{"line":41,"column":56}},{"start":{"line":41,"column":60},"end":{"line":41,"column":62}}],"line":41},"37":{"loc":{"start":{"line":42,"column":26},"end":{"line":42,"column":68}},"type":"binary-expr","locations":[{"start":{"line":42,"column":26},"end":{"line":42,"column":62}},{"start":{"line":42,"column":66},"end":{"line":42,"column":68}}],"line":42},"38":{"loc":{"start":{"line":43,"column":12},"end":{"line":43,"column":39}},"type":"binary-expr","locations":[{"start":{"line":43,"column":12},"end":{"line":43,"column":33}},{"start":{"line":43,"column":37},"end":{"line":43,"column":39}}],"line":43},"39":{"loc":{"start":{"line":44,"column":19},"end":{"line":44,"column":47}},"type":"binary-expr","locations":[{"start":{"line":44,"column":19},"end":{"line":44,"column":40}},{"start":{"line":44,"column":44},"end":{"line":44,"column":47}}],"line":44},"40":{"loc":{"start":{"line":45,"column":12},"end":{"line":45,"column":39}},"type":"binary-expr","locations":[{"start":{"line":45,"column":12},"end":{"line":45,"column":33}},{"start":{"line":45,"column":37},"end":{"line":45,"column":39}}],"line":45},"41":{"loc":{"start":{"line":46,"column":12},"end":{"line":46,"column":39}},"type":"binary-expr","locations":[{"start":{"line":46,"column":12},"end":{"line":46,"column":33}},{"start":{"line":46,"column":37},"end":{"line":46,"column":39}}],"line":46},"42":{"loc":{"start":{"line":47,"column":12},"end":{"line":47,"column":63}},"type":"binary-expr","locations":[{"start":{"line":47,"column":12},"end":{"line":47,"column":33}},{"start":{"line":47,"column":37},"end":{"line":47,"column":63}}],"line":47},"43":{"loc":{"start":{"line":48,"column":28},"end":{"line":48,"column":65}},"type":"binary-expr","locations":[{"start":{"line":48,"column":28},"end":{"line":48,"column":59}},{"start":{"line":48,"column":63},"end":{"line":48,"column":65}}],"line":48}},"s":{"0":2,"1":2,"2":6,"3":6,"4":0,"5":6,"6":2,"7":2},"f":{"0":6},"b":{"0":[6,0],"1":[0,6],"2":[2,0],"3":[2,0],"4":[0,0],"5":[2,0],"6":[0,0],"7":[2,0],"8":[0,0],"9":[2,0],"10":[0,0],"11":[2,0],"12":[2,0],"13":[2,2],"14":[2,0],"15":[2,2],"16":[2,2],"17":[2,0],"18":[0,0],"19":[2,0],"20":[0,0],"21":[2,2],"22":[2,2],"23":[2,0],"24":[2,0],"25":[0,0],"26":[2,2],"27":[2,2],"28":[2,2],"29":[2,0],"30":[2,0],"31":[0,0],"32":[2,0],"33":[0,0],"34":[2,2],"35":[2,2],"36":[2,2],"37":[2,2],"38":[2,2],"39":[2,0],"40":[2,2],"41":[2,2],"42":[2,0],"43":[2,0]},"_coverageSchema":"1a1c01bbd47fc00a2c39e90264f33305004495a9","hash":"2e78de3e013e5c6b25554e3b7707160521a23c8d"}
,"C:\\Users\\admin\\Documents\\ice_cream\\src\\config\\redis.js": {"path":"C:\\Users\\admin\\Documents\\ice_cream\\src\\config\\redis.js","statementMap":{"0":{"start":{"line":1,"column":15},"end":{"line":1,"column":33}},"1":{"start":{"line":2,"column":12},"end":{"line":2,"column":28}},"2":{"start":{"line":4,"column":18},"end":{"line":4,"column":22}},"3":{"start":{"line":7,"column":2},"end":{"line":7,"column":33}},"4":{"start":{"line":7,"column":21},"end":{"line":7,"column":33}},"5":{"start":{"line":8,"column":2},"end":{"line":8,"column":38}},"6":{"start":{"line":8,"column":19},"end":{"line":8,"column":38}},"7":{"start":{"line":9,"column":2},"end":{"line":9,"column":88}},"8":{"start":{"line":10,"column":2},"end":{"line":12,"column":5}},"9":{"start":{"line":11,"column":4},"end":{"line":11,"column":23}},"10":{"start":{"line":13,"column":2},"end":{"line":13,"column":21}},"11":{"start":{"line":16,"column":0},"end":{"line":16,"column":30}}},"fnMap":{"0":{"name":"getRedis","decl":{"start":{"line":6,"column":9},"end":{"line":6,"column":17}},"loc":{"start":{"line":6,"column":20},"end":{"line":14,"column":1}},"line":6},"1":{"name":"(anonymous_1)","decl":{"start":{"line":10,"column":30},"end":{"line":10,"column":31}},"loc":{"start":{"line":10,"column":36},"end":{"line":12,"column":3}},"line":10}},"branchMap":{"0":{"loc":{"start":{"line":7,"column":2},"end":{"line":7,"column":33}},"type":"if","locations":[{"start":{"line":7,"column":2},"end":{"line":7,"column":33}},{"start":{},"end":{}}],"line":7},"1":{"loc":{"start":{"line":8,"column":2},"end":{"line":8,"column":38}},"type":"if","locations":[{"start":{"line":8,"column":2},"end":{"line":8,"column":38}},{"start":{},"end":{}}],"line":8}},"s":{"0":2,"1":2,"2":2,"3":0,"4":0,"5":0,"6":0,"7":0,"8":0,"9":0,"10":0,"11":2},"f":{"0":0,"1":0},"b":{"0":[0,0],"1":[0,0]},"_coverageSchema":"1a1c01bbd47fc00a2c39e90264f33305004495a9","hash":"cf587a40e3e61e7153eb4d67312f1e0339919b47"}
,"C:\\Users\\admin\\Documents\\ice_cream\\src\\constants\\enums.js": {"path":"C:\\Users\\admin\\Documents\\ice_cream\\src\\constants\\enums.js","statementMap":{"0":{"start":{"line":1,"column":15},"end":{"line":4,"column":1}},"1":{"start":{"line":6,"column":21},"end":{"line":13,"column":1}},"2":{"start":{"line":15,"column":23},"end":{"line":21,"column":1}},"3":{"start":{"line":23,"column":23},"end":{"line":27,"column":1}},"4":{"start":{"line":29,"column":28},"end":{"line":36,"column":1}},"5":{"start":{"line":38,"column":0},"end":{"line":44,"column":2}}},"fnMap":{},"branchMap":{},"s":{"0":5,"1":5,"2":5,"3":5,"4":5,"5":5},"f":{},"b":{},"_coverageSchema":"1a1c01bbd47fc00a2c39e90264f33305004495a9","hash":"ef9de3d39dafa10249415c2c76070e767e7317c0"}
,"C:\\Users\\admin\\Documents\\ice_cream\\src\\docs\\openapi.js": {"path":"C:\\Users\\admin\\Documents\\ice_cream\\src\\docs\\openapi.js","statementMap":{"0":{"start":{"line":2,"column":2},"end":{"line":33,"column":4}},"1":{"start":{"line":37,"column":2},"end":{"line":55,"column":9}},"2":{"start":{"line":58,"column":0},"end":{"line":61,"column":2}}},"fnMap":{"0":{"name":"getOpenApiSpec","decl":{"start":{"line":1,"column":10},"end":{"line":1,"column":24}},"loc":{"start":{"line":1,"column":34},"end":{"line":34,"column":1}},"line":1},"1":{"name":"renderSwaggerUiHtml","decl":{"start":{"line":36,"column":9},"end":{"line":36,"column":28}},"loc":{"start":{"line":36,"column":45},"end":{"line":56,"column":1}},"line":36}},"branchMap":{"0":{"loc":{"start":{"line":9,"column":21},"end":{"line":9,"column":55}},"type":"binary-expr","locations":[{"start":{"line":9,"column":21},"end":{"line":9,"column":28}},{"start":{"line":9,"column":32},"end":{"line":9,"column":55}}],"line":9}},"s":{"0":0,"1":0,"2":2},"f":{"0":0,"1":0},"b":{"0":[0,0]},"_coverageSchema":"1a1c01bbd47fc00a2c39e90264f33305004495a9","hash":"24a7cf5cd06aa9248132790f030b0dcc1f245567"}
,"C:\\Users\\admin\\Documents\\ice_cream\\src\\middlewares\\auth.js": {"path":"C:\\Users\\admin\\Documents\\ice_cream\\src\\middlewares\\auth.js","statementMap":{"0":{"start":{"line":1,"column":18},"end":{"line":1,"column":46}},"1":{"start":{"line":2,"column":30},"end":{"line":2,"column":53}},"2":{"start":{"line":5,"column":15},"end":{"line":5,"column":46}},"3":{"start":{"line":6,"column":16},"end":{"line":6,"column":65}},"4":{"start":{"line":7,"column":2},"end":{"line":7,"column":61}},"5":{"start":{"line":7,"column":14},"end":{"line":7,"column":61}},"6":{"start":{"line":9,"column":2},"end":{"line":14,"column":3}},"7":{"start":{"line":10,"column":4},"end":{"line":10,"column":40}},"8":{"start":{"line":11,"column":4},"end":{"line":11,"column":18}},"9":{"start":{"line":13,"column":4},"end":{"line":13,"column":52}},"10":{"start":{"line":18,"column":2},"end":{"line":22,"column":4}},"11":{"start":{"line":19,"column":4},"end":{"line":19,"column":66}},"12":{"start":{"line":19,"column":19},"end":{"line":19,"column":66}},"13":{"start":{"line":20,"column":4},"end":{"line":20,"column":84}},"14":{"start":{"line":20,"column":40},"end":{"line":20,"column":84}},"15":{"start":{"line":21,"column":4},"end":{"line":21,"column":18}},"16":{"start":{"line":25,"column":0},"end":{"line":25,"column":47}}},"fnMap":{"0":{"name":"authRequired","decl":{"start":{"line":4,"column":9},"end":{"line":4,"column":21}},"loc":{"start":{"line":4,"column":39},"end":{"line":15,"column":1}},"line":4},"1":{"name":"requireRole","decl":{"start":{"line":17,"column":9},"end":{"line":17,"column":20}},"loc":{"start":{"line":17,"column":31},"end":{"line":23,"column":1}},"line":17},"2":{"name":"(anonymous_2)","decl":{"start":{"line":18,"column":9},"end":{"line":18,"column":10}},"loc":{"start":{"line":18,"column":30},"end":{"line":22,"column":3}},"line":18}},"branchMap":{"0":{"loc":{"start":{"line":5,"column":15},"end":{"line":5,"column":46}},"type":"binary-expr","locations":[{"start":{"line":5,"column":15},"end":{"line":5,"column":40}},{"start":{"line":5,"column":44},"end":{"line":5,"column":46}}],"line":5},"1":{"loc":{"start":{"line":6,"column":16},"end":{"line":6,"column":65}},"type":"cond-expr","locations":[{"start":{"line":6,"column":45},"end":{"line":6,"column":58}},{"start":{"line":6,"column":61},"end":{"line":6,"column":65}}],"line":6},"2":{"loc":{"start":{"line":7,"column":2},"end":{"line":7,"column":61}},"type":"if","locations":[{"start":{"line":7,"column":2},"end":{"line":7,"column":61}},{"start":{},"end":{}}],"line":7},"3":{"loc":{"start":{"line":19,"column":4},"end":{"line":19,"column":66}},"type":"if","locations":[{"start":{"line":19,"column":4},"end":{"line":19,"column":66}},{"start":{},"end":{}}],"line":19},"4":{"loc":{"start":{"line":20,"column":4},"end":{"line":20,"column":84}},"type":"if","locations":[{"start":{"line":20,"column":4},"end":{"line":20,"column":84}},{"start":{},"end":{}}],"line":20}},"s":{"0":2,"1":2,"2":0,"3":0,"4":0,"5":0,"6":0,"7":0,"8":0,"9":0,"10":46,"11":0,"12":0,"13":0,"14":0,"15":0,"16":2},"f":{"0":0,"1":46,"2":0},"b":{"0":[0,0],"1":[0,0],"2":[0,0],"3":[0,0],"4":[0,0]},"_coverageSchema":"1a1c01bbd47fc00a2c39e90264f33305004495a9","hash":"adab80a0c7fb03bb68341b4b39b7eb87d5a6f3e6"}
,"C:\\Users\\admin\\Documents\\ice_cream\\src\\middlewares\\csrf.js": {"path":"C:\\Users\\admin\\Documents\\ice_cream\\src\\middlewares\\csrf.js","statementMap":{"0":{"start":{"line":1,"column":15},"end":{"line":1,"column":32}},"1":{"start":{"line":2,"column":12},"end":{"line":2,"column":36}},"2":{"start":{"line":5,"column":2},"end":{"line":5,"column":48}},"3":{"start":{"line":9,"column":16},"end":{"line":9,"column":31}},"4":{"start":{"line":10,"column":20},"end":{"line":10,"column":55}},"5":{"start":{"line":11,"column":25},"end":{"line":11,"column":61}},"6":{"start":{"line":12,"column":22},"end":{"line":12,"column":90}},"7":{"start":{"line":14,"column":2},"end":{"line":19,"column":5}},"8":{"start":{"line":20,"column":2},"end":{"line":20,"column":33}},"9":{"start":{"line":24,"column":21},"end":{"line":24,"column":68}},"10":{"start":{"line":25,"column":2},"end":{"line":25,"column":32}},"11":{"start":{"line":25,"column":18},"end":{"line":25,"column":32}},"12":{"start":{"line":27,"column":20},"end":{"line":27,"column":81}},"13":{"start":{"line":28,"column":2},"end":{"line":28,"column":31}},"14":{"start":{"line":28,"column":17},"end":{"line":28,"column":31}},"15":{"start":{"line":30,"column":22},"end":{"line":30,"column":62}},"16":{"start":{"line":31,"column":22},"end":{"line":31,"column":49}},"17":{"start":{"line":33,"column":2},"end":{"line":35,"column":3}},"18":{"start":{"line":34,"column":4},"end":{"line":34,"column":68}},"19":{"start":{"line":37,"column":2},"end":{"line":37,"column":16}},"20":{"start":{"line":40,"column":0},"end":{"line":43,"column":2}}},"fnMap":{"0":{"name":"generateToken","decl":{"start":{"line":4,"column":9},"end":{"line":4,"column":22}},"loc":{"start":{"line":4,"column":25},"end":{"line":6,"column":1}},"line":4},"1":{"name":"csrfTokenRoute","decl":{"start":{"line":8,"column":9},"end":{"line":8,"column":23}},"loc":{"start":{"line":8,"column":34},"end":{"line":21,"column":1}},"line":8},"2":{"name":"csrfProtection","decl":{"start":{"line":23,"column":9},"end":{"line":23,"column":23}},"loc":{"start":{"line":23,"column":41},"end":{"line":38,"column":1}},"line":23}},"branchMap":{"0":{"loc":{"start":{"line":10,"column":27},"end":{"line":10,"column":47}},"type":"binary-expr","locations":[{"start":{"line":10,"column":27},"end":{"line":10,"column":41}},{"start":{"line":10,"column":45},"end":{"line":10,"column":47}}],"line":10},"1":{"loc":{"start":{"line":11,"column":32},"end":{"line":11,"column":53}},"type":"binary-expr","locations":[{"start":{"line":11,"column":32},"end":{"line":11,"column":47}},{"start":{"line":11,"column":51},"end":{"line":11,"column":53}}],"line":11},"2":{"loc":{"start":{"line":12,"column":30},"end":{"line":12,"column":89}},"type":"binary-expr","locations":[{"start":{"line":12,"column":30},"end":{"line":12,"column":39}},{"start":{"line":12,"column":43},"end":{"line":12,"column":57}},{"start":{"line":12,"column":61},"end":{"line":12,"column":89}}],"line":12},"3":{"loc":{"start":{"line":16,"column":14},"end":{"line":16,"column":42}},"type":"cond-expr","locations":[{"start":{"line":16,"column":28},"end":{"line":16,"column":34}},{"start":{"line":16,"column":37},"end":{"line":16,"column":42}}],"line":16},"4":{"loc":{"start":{"line":17,"column":12},"end":{"line":17,"column":55}},"type":"binary-expr","locations":[{"start":{"line":17,"column":12},"end":{"line":17,"column":23}},{"start":{"line":17,"column":27},"end":{"line":17,"column":55}}],"line":17},"5":{"loc":{"start":{"line":25,"column":2},"end":{"line":25,"column":32}},"type":"if","locations":[{"start":{"line":25,"column":2},"end":{"line":25,"column":32}},{"start":{},"end":{}}],"line":25},"6":{"loc":{"start":{"line":27,"column":27},"end":{"line":27,"column":58}},"type":"binary-expr","locations":[{"start":{"line":27,"column":27},"end":{"line":27,"column":52}},{"start":{"line":27,"column":56},"end":{"line":27,"column":58}}],"line":27},"7":{"loc":{"start":{"line":28,"column":2},"end":{"line":28,"column":31}},"type":"if","locations":[{"start":{"line":28,"column":2},"end":{"line":28,"column":31}},{"start":{},"end":{}}],"line":28},"8":{"loc":{"start":{"line":30,"column":22},"end":{"line":30,"column":62}},"type":"cond-expr","locations":[{"start":{"line":30,"column":36},"end":{"line":30,"column":57}},{"start":{"line":30,"column":60},"end":{"line":30,"column":62}}],"line":30},"9":{"loc":{"start":{"line":33,"column":2},"end":{"line":35,"column":3}},"type":"if","locations":[{"start":{"line":33,"column":2},"end":{"line":35,"column":3}},{"start":{},"end":{}}],"line":33},"10":{"loc":{"start":{"line":33,"column":6},"end":{"line":33,"column":65}},"type":"binary-expr","locations":[{"start":{"line":33,"column":6},"end":{"line":33,"column":18}},{"start":{"line":33,"column":22},"end":{"line":33,"column":34}},{"start":{"line":33,"column":38},"end":{"line":33,"column":65}}],"line":33}},"s":{"0":2,"1":2,"2":0,"3":0,"4":0,"5":0,"6":0,"7":0,"8":0,"9":0,"10":0,"11":0,"12":0,"13":0,"14":0,"15":0,"16":0,"17":0,"18":0,"19":0,"20":2},"f":{"0":0,"1":0,"2":0},"b":{"0":[0,0],"1":[0,0],"2":[0,0,0],"3":[0,0],"4":[0,0],"5":[0,0],"6":[0,0],"7":[0,0],"8":[0,0],"9":[0,0],"10":[0,0,0]},"_coverageSchema":"1a1c01bbd47fc00a2c39e90264f33305004495a9","hash":"964d65250daa98c793c34844ee1341e822516c39"}
,"C:\\Users\\admin\\Documents\\ice_cream\\src\\middlewares\\errorHandler.js": {"path":"C:\\Users\\admin\\Documents\\ice_cream\\src\\middlewares\\errorHandler.js","statementMap":{"0":{"start":{"line":2,"column":21},"end":{"line":2,"column":42}},"1":{"start":{"line":3,"column":18},"end":{"line":3,"column":56}},"2":{"start":{"line":5,"column":2},"end":{"line":8,"column":5}},"3":{"start":{"line":11,"column":0},"end":{"line":11,"column":34}}},"fnMap":{"0":{"name":"errorHandler","decl":{"start":{"line":1,"column":10},"end":{"line":1,"column":22}},"loc":{"start":{"line":1,"column":46},"end":{"line":9,"column":1}},"line":1}},"branchMap":{"0":{"loc":{"start":{"line":2,"column":21},"end":{"line":2,"column":42}},"type":"binary-expr","locations":[{"start":{"line":2,"column":21},"end":{"line":2,"column":35}},{"start":{"line":2,"column":39},"end":{"line":2,"column":42}}],"line":2},"1":{"loc":{"start":{"line":3,"column":18},"end":{"line":3,"column":56}},"type":"binary-expr","locations":[{"start":{"line":3,"column":18},"end":{"line":3,"column":29}},{"start":{"line":3,"column":33},"end":{"line":3,"column":56}}],"line":3},"2":{"loc":{"start":{"line":7,"column":13},"end":{"line":7,"column":32}},"type":"binary-expr","locations":[{"start":{"line":7,"column":13},"end":{"line":7,"column":24}},{"start":{"line":7,"column":28},"end":{"line":7,"column":32}}],"line":7}},"s":{"0":0,"1":0,"2":0,"3":2},"f":{"0":0},"b":{"0":[0,0],"1":[0,0],"2":[0,0]},"_coverageSchema":"1a1c01bbd47fc00a2c39e90264f33305004495a9","hash":"51b5a126268f3e37beaf5152ccfee6568c2976a2"}
,"C:\\Users\\admin\\Documents\\ice_cream\\src\\middlewares\\notFound.js": {"path":"C:\\Users\\admin\\Documents\\ice_cream\\src\\middlewares\\notFound.js","statementMap":{"0":{"start":{"line":2,"column":2},"end":{"line":2,"column":90}},"1":{"start":{"line":5,"column":0},"end":{"line":5,"column":30}}},"fnMap":{"0":{"name":"notFound","decl":{"start":{"line":1,"column":10},"end":{"line":1,"column":18}},"loc":{"start":{"line":1,"column":36},"end":{"line":3,"column":1}},"line":1}},"branchMap":{},"s":{"0":0,"1":2},"f":{"0":0},"b":{},"_coverageSchema":"1a1c01bbd47fc00a2c39e90264f33305004495a9","hash":"61d2b12fb3aaaa872a92ac5918275727330f2a4a"}
,"C:\\Users\\admin\\Documents\\ice_cream\\src\\middlewares\\validate.js": {"path":"C:\\Users\\admin\\Documents\\ice_cream\\src\\middlewares\\validate.js","statementMap":{"0":{"start":{"line":1,"column":15},"end":{"line":1,"column":29}},"1":{"start":{"line":4,"column":2},"end":{"line":19,"column":4}},"2":{"start":{"line":5,"column":19},"end":{"line":9,"column":6}},"3":{"start":{"line":11,"column":4},"end":{"line":13,"column":5}},"4":{"start":{"line":12,"column":6},"end":{"line":12,"column":101}},"5":{"start":{"line":15,"column":4},"end":{"line":15,"column":32}},"6":{"start":{"line":16,"column":4},"end":{"line":16,"column":36}},"7":{"start":{"line":17,"column":4},"end":{"line":17,"column":34}},"8":{"start":{"line":18,"column":4},"end":{"line":18,"column":18}},"9":{"start":{"line":22,"column":0},"end":{"line":22,"column":33}}},"fnMap":{"0":{"name":"validate","decl":{"start":{"line":3,"column":9},"end":{"line":3,"column":17}},"loc":{"start":{"line":3,"column":26},"end":{"line":20,"column":1}},"line":3},"1":{"name":"(anonymous_1)","decl":{"start":{"line":4,"column":9},"end":{"line":4,"column":10}},"loc":{"start":{"line":4,"column":30},"end":{"line":19,"column":3}},"line":4}},"branchMap":{"0":{"loc":{"start":{"line":11,"column":4},"end":{"line":13,"column":5}},"type":"if","locations":[{"start":{"line":11,"column":4},"end":{"line":13,"column":5}},{"start":{},"end":{}}],"line":11}},"s":{"0":2,"1":66,"2":0,"3":0,"4":0,"5":0,"6":0,"7":0,"8":0,"9":2},"f":{"0":66,"1":0},"b":{"0":[0,0]},"_coverageSchema":"1a1c01bbd47fc00a2c39e90264f33305004495a9","hash":"6fa1ff8e54704ad0dea63fc283db7217cbc828c8"}
,"C:\\Users\\admin\\Documents\\ice_cream\\src\\modules\\admin\\admin.controller.js": {"path":"C:\\Users\\admin\\Documents\\ice_cream\\src\\modules\\admin\\admin.controller.js","statementMap":{"0":{"start":{"line":1,"column":22},"end":{"line":1,"column":57}},"1":{"start":{"line":2,"column":21},"end":{"line":2,"column":47}},"2":{"start":{"line":4,"column":25},"end":{"line":7,"column":2}},"3":{"start":{"line":5,"column":15},"end":{"line":5,"column":55}},"4":{"start":{"line":6,"column":2},"end":{"line":6,"column":17}},"5":{"start":{"line":9,"column":21},"end":{"line":13,"column":2}},"6":{"start":{"line":10,"column":15},"end":{"line":10,"column":56}},"7":{"start":{"line":11,"column":15},"end":{"line":11,"column":55}},"8":{"start":{"line":12,"column":2},"end":{"line":12,"column":17}},"9":{"start":{"line":15,"column":19},"end":{"line":19,"column":2}},"10":{"start":{"line":16,"column":16},"end":{"line":16,"column":72}},"11":{"start":{"line":17,"column":15},"end":{"line":17,"column":54}},"12":{"start":{"line":18,"column":2},"end":{"line":18,"column":17}},"13":{"start":{"line":21,"column":0},"end":{"line":25,"column":2}}},"fnMap":{"0":{"name":"(anonymous_0)","decl":{"start":{"line":4,"column":38},"end":{"line":4,"column":39}},"loc":{"start":{"line":4,"column":59},"end":{"line":7,"column":1}},"line":4},"1":{"name":"(anonymous_1)","decl":{"start":{"line":9,"column":34},"end":{"line":9,"column":35}},"loc":{"start":{"line":9,"column":54},"end":{"line":13,"column":1}},"line":9},"2":{"name":"(anonymous_2)","decl":{"start":{"line":15,"column":32},"end":{"line":15,"column":33}},"loc":{"start":{"line":15,"column":52},"end":{"line":19,"column":1}},"line":15}},"branchMap":{"0":{"loc":{"start":{"line":10,"column":34},"end":{"line":10,"column":54}},"type":"binary-expr","locations":[{"start":{"line":10,"column":34},"end":{"line":10,"column":48}},{"start":{"line":10,"column":52},"end":{"line":10,"column":54}}],"line":10},"1":{"loc":{"start":{"line":16,"column":44},"end":{"line":16,"column":65}},"type":"binary-expr","locations":[{"start":{"line":16,"column":44},"end":{"line":16,"column":59}},{"start":{"line":16,"column":63},"end":{"line":16,"column":65}}],"line":16}},"s":{"0":2,"1":2,"2":2,"3":0,"4":0,"5":2,"6":0,"7":0,"8":0,"9":2,"10":0,"11":0,"12":0,"13":2},"f":{"0":0,"1":0,"2":0},"b":{"0":[0,0],"1":[0,0]},"_coverageSchema":"1a1c01bbd47fc00a2c39e90264f33305004495a9","hash":"8afe23beb7940ff6415517238739b3d2279d7e0e"}
,"C:\\Users\\admin\\Documents\\ice_cream\\src\\modules\\admin\\admin.repository.js": {"path":"C:\\Users\\admin\\Documents\\ice_cream\\src\\modules\\admin\\admin.repository.js","statementMap":{"0":{"start":{"line":1,"column":15},"end":{"line":1,"column":47}},"1":{"start":{"line":2,"column":13},"end":{"line":2,"column":43}},"2":{"start":{"line":3,"column":16},"end":{"line":3,"column":52}},"3":{"start":{"line":4,"column":17},"end":{"line":4,"column":56}},"4":{"start":{"line":7,"column":2},"end":{"line":7,"column":37}},"5":{"start":{"line":11,"column":2},"end":{"line":11,"column":40}},"6":{"start":{"line":15,"column":2},"end":{"line":15,"column":41}},"7":{"start":{"line":19,"column":2},"end":{"line":19,"column":38}},"8":{"start":{"line":23,"column":15},"end":{"line":26,"column":4}},"9":{"start":{"line":28,"column":2},"end":{"line":28,"column":37}},"10":{"start":{"line":32,"column":2},"end":{"line":44,"column":5}},"11":{"start":{"line":48,"column":16},"end":{"line":48,"column":26}},"12":{"start":{"line":49,"column":2},"end":{"line":49,"column":44}},"13":{"start":{"line":50,"column":2},"end":{"line":50,"column":29}},"14":{"start":{"line":52,"column":2},"end":{"line":66,"column":5}},"15":{"start":{"line":69,"column":0},"end":{"line":77,"column":2}}},"fnMap":{"0":{"name":"countUsers","decl":{"start":{"line":6,"column":9},"end":{"line":6,"column":19}},"loc":{"start":{"line":6,"column":33},"end":{"line":8,"column":1}},"line":6},"1":{"name":"countProducts","decl":{"start":{"line":10,"column":9},"end":{"line":10,"column":22}},"loc":{"start":{"line":10,"column":36},"end":{"line":12,"column":1}},"line":10},"2":{"name":"countCategories","decl":{"start":{"line":14,"column":9},"end":{"line":14,"column":24}},"loc":{"start":{"line":14,"column":38},"end":{"line":16,"column":1}},"line":14},"3":{"name":"countOrders","decl":{"start":{"line":18,"column":9},"end":{"line":18,"column":20}},"loc":{"start":{"line":18,"column":34},"end":{"line":20,"column":1}},"line":18},"4":{"name":"sumCompletedRevenue","decl":{"start":{"line":22,"column":15},"end":{"line":22,"column":34}},"loc":{"start":{"line":22,"column":37},"end":{"line":29,"column":1}},"line":22},"5":{"name":"topSellingProducts","decl":{"start":{"line":31,"column":15},"end":{"line":31,"column":33}},"loc":{"start":{"line":31,"column":45},"end":{"line":45,"column":1}},"line":31},"6":{"name":"revenueByDay","decl":{"start":{"line":47,"column":15},"end":{"line":47,"column":27}},"loc":{"start":{"line":47,"column":39},"end":{"line":67,"column":1}},"line":47}},"branchMap":{"0":{"loc":{"start":{"line":6,"column":20},"end":{"line":6,"column":31}},"type":"default-arg","locations":[{"start":{"line":6,"column":29},"end":{"line":6,"column":31}}],"line":6},"1":{"loc":{"start":{"line":10,"column":23},"end":{"line":10,"column":34}},"type":"default-arg","locations":[{"start":{"line":10,"column":32},"end":{"line":10,"column":34}}],"line":10},"2":{"loc":{"start":{"line":14,"column":25},"end":{"line":14,"column":36}},"type":"default-arg","locations":[{"start":{"line":14,"column":34},"end":{"line":14,"column":36}}],"line":14},"3":{"loc":{"start":{"line":18,"column":21},"end":{"line":18,"column":32}},"type":"default-arg","locations":[{"start":{"line":18,"column":30},"end":{"line":18,"column":32}}],"line":18},"4":{"loc":{"start":{"line":28,"column":9},"end":{"line":28,"column":36}},"type":"cond-expr","locations":[{"start":{"line":28,"column":19},"end":{"line":28,"column":32}},{"start":{"line":28,"column":35},"end":{"line":28,"column":36}}],"line":28},"5":{"loc":{"start":{"line":31,"column":34},"end":{"line":31,"column":43}},"type":"default-arg","locations":[{"start":{"line":31,"column":42},"end":{"line":31,"column":43}}],"line":31},"6":{"loc":{"start":{"line":47,"column":28},"end":{"line":47,"column":37}},"type":"default-arg","locations":[{"start":{"line":47,"column":35},"end":{"line":47,"column":37}}],"line":47}},"s":{"0":2,"1":2,"2":2,"3":2,"4":0,"5":0,"6":0,"7":0,"8":0,"9":0,"10":0,"11":0,"12":0,"13":0,"14":0,"15":2},"f":{"0":0,"1":0,"2":0,"3":0,"4":0,"5":0,"6":0},"b":{"0":[0],"1":[0],"2":[0],"3":[0],"4":[0,0],"5":[0],"6":[0]},"_coverageSchema":"1a1c01bbd47fc00a2c39e90264f33305004495a9","hash":"d101aeffc6c6687322d6af3f61654a02e69b66a0"}
,"C:\\Users\\admin\\Documents\\ice_cream\\src\\modules\\admin\\admin.routes.js": {"path":"C:\\Users\\admin\\Documents\\ice_cream\\src\\modules\\admin\\admin.routes.js","statementMap":{"0":{"start":{"line":1,"column":20},"end":{"line":1,"column":38}},"1":{"start":{"line":2,"column":38},"end":{"line":2,"column":71}},"2":{"start":{"line":3,"column":18},"end":{"line":3,"column":50}},"3":{"start":{"line":4,"column":55},"end":{"line":4,"column":84}},"4":{"start":{"line":6,"column":15},"end":{"line":6,"column":23}},"5":{"start":{"line":8,"column":0},"end":{"line":8,"column":83}},"6":{"start":{"line":9,"column":0},"end":{"line":9,"column":93}},"7":{"start":{"line":10,"column":0},"end":{"line":10,"column":89}},"8":{"start":{"line":12,"column":0},"end":{"line":12,"column":24}}},"fnMap":{},"branchMap":{},"s":{"0":2,"1":2,"2":2,"3":2,"4":2,"5":2,"6":2,"7":2,"8":2},"f":{},"b":{},"_coverageSchema":"1a1c01bbd47fc00a2c39e90264f33305004495a9","hash":"ea4629268701ab11dc5dd0a5bf4f4f28a08a1be4"}
,"C:\\Users\\admin\\Documents\\ice_cream\\src\\modules\\admin\\admin.service.js": {"path":"C:\\Users\\admin\\Documents\\ice_cream\\src\\modules\\admin\\admin.service.js","statementMap":{"0":{"start":{"line":1,"column":33},"end":{"line":1,"column":65}},"1":{"start":{"line":2,"column":24},"end":{"line":2,"column":53}},"2":{"start":{"line":17,"column":6},"end":{"line":29,"column":4}},"3":{"start":{"line":31,"column":2},"end":{"line":51,"column":4}},"4":{"start":{"line":55,"column":2},"end":{"line":55,"column":44}},"5":{"start":{"line":59,"column":2},"end":{"line":59,"column":51}},"6":{"start":{"line":62,"column":0},"end":{"line":66,"column":2}}},"fnMap":{"0":{"name":"getDashboardSummary","decl":{"start":{"line":4,"column":15},"end":{"line":4,"column":34}},"loc":{"start":{"line":4,"column":37},"end":{"line":52,"column":1}},"line":4},"1":{"name":"getRevenueDaily","decl":{"start":{"line":54,"column":15},"end":{"line":54,"column":30}},"loc":{"start":{"line":54,"column":37},"end":{"line":56,"column":1}},"line":54},"2":{"name":"getTopSelling","decl":{"start":{"line":58,"column":15},"end":{"line":58,"column":28}},"loc":{"start":{"line":58,"column":36},"end":{"line":60,"column":1}},"line":58}},"branchMap":{},"s":{"0":2,"1":2,"2":0,"3":0,"4":0,"5":0,"6":2},"f":{"0":0,"1":0,"2":0},"b":{},"_coverageSchema":"1a1c01bbd47fc00a2c39e90264f33305004495a9","hash":"ef7dea4ae09b8bfb854a7fb4b1b3867027134bcb"}
,"C:\\Users\\admin\\Documents\\ice_cream\\src\\modules\\analytics\\analytics.controller.js": {"path":"C:\\Users\\admin\\Documents\\ice_cream\\src\\modules\\analytics\\analytics.controller.js","statementMap":{"0":{"start":{"line":1,"column":22},"end":{"line":1,"column":57}},"1":{"start":{"line":2,"column":14},"end":{"line":2,"column":46}},"2":{"start":{"line":3,"column":16},"end":{"line":3,"column":52}},"3":{"start":{"line":4,"column":25},"end":{"line":4,"column":57}},"4":{"start":{"line":6,"column":17},"end":{"line":29,"column":2}},"5":{"start":{"line":7,"column":21},"end":{"line":7,"column":31}},"6":{"start":{"line":8,"column":2},"end":{"line":8,"column":34}},"7":{"start":{"line":10,"column":66},"end":{"line":21,"column":4}},"8":{"start":{"line":23,"column":2},"end":{"line":28,"column":5}},"9":{"start":{"line":31,"column":16},"end":{"line":54,"column":2}},"10":{"start":{"line":32,"column":16},"end":{"line":32,"column":39}},"11":{"start":{"line":33,"column":15},"end":{"line":33,"column":50}},"12":{"start":{"line":34,"column":16},"end":{"line":34,"column":26}},"13":{"start":{"line":35,"column":2},"end":{"line":35,"column":44}},"14":{"start":{"line":36,"column":2},"end":{"line":36,"column":29}},"15":{"start":{"line":38,"column":15},"end":{"line":51,"column":4}},"16":{"start":{"line":53,"column":2},"end":{"line":53,"column":17}},"17":{"start":{"line":56,"column":20},"end":{"line":72,"column":2}},"18":{"start":{"line":57,"column":15},"end":{"line":69,"column":4}},"19":{"start":{"line":71,"column":2},"end":{"line":71,"column":17}},"20":{"start":{"line":74,"column":0},"end":{"line":74,"column":52}}},"fnMap":{"0":{"name":"(anonymous_0)","decl":{"start":{"line":6,"column":30},"end":{"line":6,"column":31}},"loc":{"start":{"line":6,"column":51},"end":{"line":29,"column":1}},"line":6},"1":{"name":"(anonymous_1)","decl":{"start":{"line":31,"column":29},"end":{"line":31,"column":30}},"loc":{"start":{"line":31,"column":49},"end":{"line":54,"column":1}},"line":31},"2":{"name":"(anonymous_2)","decl":{"start":{"line":56,"column":33},"end":{"line":56,"column":34}},"loc":{"start":{"line":56,"column":54},"end":{"line":72,"column":1}},"line":56}},"branchMap":{"0":{"loc":{"start":{"line":24,"column":18},"end":{"line":24,"column":42}},"type":"binary-expr","locations":[{"start":{"line":24,"column":18},"end":{"line":24,"column":37}},{"start":{"line":24,"column":41},"end":{"line":24,"column":42}}],"line":24},"1":{"loc":{"start":{"line":25,"column":18},"end":{"line":25,"column":47}},"type":"binary-expr","locations":[{"start":{"line":25,"column":18},"end":{"line":25,"column":42}},{"start":{"line":25,"column":46},"end":{"line":25,"column":47}}],"line":25},"2":{"loc":{"start":{"line":32,"column":16},"end":{"line":32,"column":39}},"type":"binary-expr","locations":[{"start":{"line":32,"column":16},"end":{"line":32,"column":31}},{"start":{"line":32,"column":35},"end":{"line":32,"column":39}}],"line":32},"3":{"loc":{"start":{"line":33,"column":15},"end":{"line":33,"column":50}},"type":"binary-expr","locations":[{"start":{"line":33,"column":15},"end":{"line":33,"column":45}},{"start":{"line":33,"column":49},"end":{"line":33,"column":50}}],"line":33}},"s":{"0":2,"1":2,"2":2,"3":2,"4":2,"5":0,"6":0,"7":0,"8":0,"9":2,"10":0,"11":0,"12":0,"13":0,"14":0,"15":0,"16":0,"17":2,"18":0,"19":0,"20":2},"f":{"0":0,"1":0,"2":0},"b":{"0":[0,0],"1":[0,0],"2":[0,0],"3":[0,0]},"_coverageSchema":"1a1c01bbd47fc00a2c39e90264f33305004495a9","hash":"a8ae8d6ca6fc8b5d47e929394e1eb5abd2a375fe"}
,"C:\\Users\\admin\\Documents\\ice_cream\\src\\modules\\analytics\\analytics.routes.js": {"path":"C:\\Users\\admin\\Documents\\ice_cream\\src\\modules\\analytics\\analytics.routes.js","statementMap":{"0":{"start":{"line":1,"column":20},"end":{"line":1,"column":38}},"1":{"start":{"line":2,"column":38},"end":{"line":2,"column":71}},"2":{"start":{"line":3,"column":18},"end":{"line":3,"column":50}},"3":{"start":{"line":4,"column":43},"end":{"line":4,"column":76}},"4":{"start":{"line":6,"column":15},"end":{"line":6,"column":23}},"5":{"start":{"line":7,"column":0},"end":{"line":7,"column":51}},"6":{"start":{"line":8,"column":0},"end":{"line":8,"column":34}},"7":{"start":{"line":9,"column":0},"end":{"line":9,"column":32}},"8":{"start":{"line":10,"column":0},"end":{"line":10,"column":41}},"9":{"start":{"line":12,"column":0},"end":{"line":12,"column":24}}},"fnMap":{},"branchMap":{},"s":{"0":2,"1":2,"2":2,"3":2,"4":2,"5":2,"6":2,"7":2,"8":2,"9":2},"f":{},"b":{},"_coverageSchema":"1a1c01bbd47fc00a2c39e90264f33305004495a9","hash":"970f676ceea2b063ca00db1ccdb5fb1675301ced"}
,"C:\\Users\\admin\\Documents\\ice_cream\\src\\modules\\auth\\auth.controller.js": {"path":"C:\\Users\\admin\\Documents\\ice_cream\\src\\modules\\auth\\auth.controller.js","statementMap":{"0":{"start":{"line":1,"column":22},"end":{"line":1,"column":57}},"1":{"start":{"line":2,"column":20},"end":{"line":2,"column":45}},"2":{"start":{"line":4,"column":22},"end":{"line":9,"column":1}},"3":{"start":{"line":11,"column":17},"end":{"line":15,"column":2}},"4":{"start":{"line":12,"column":17},"end":{"line":12,"column":53}},"5":{"start":{"line":13,"column":2},"end":{"line":13,"column":65}},"6":{"start":{"line":14,"column":2},"end":{"line":14,"column":31}},"7":{"start":{"line":17,"column":14},"end":{"line":21,"column":2}},"8":{"start":{"line":18,"column":17},"end":{"line":18,"column":50}},"9":{"start":{"line":19,"column":2},"end":{"line":19,"column":65}},"10":{"start":{"line":20,"column":2},"end":{"line":20,"column":19}},"11":{"start":{"line":23,"column":16},"end":{"line":27,"column":2}},"12":{"start":{"line":24,"column":16},"end":{"line":24,"column":65}},"13":{"start":{"line":25,"column":17},"end":{"line":25,"column":49}},"14":{"start":{"line":26,"column":2},"end":{"line":26,"column":19}},"15":{"start":{"line":29,"column":0},"end":{"line":29,"column":46}}},"fnMap":{"0":{"name":"(anonymous_0)","decl":{"start":{"line":11,"column":30},"end":{"line":11,"column":31}},"loc":{"start":{"line":11,"column":50},"end":{"line":15,"column":1}},"line":11},"1":{"name":"(anonymous_1)","decl":{"start":{"line":17,"column":27},"end":{"line":17,"column":28}},"loc":{"start":{"line":17,"column":47},"end":{"line":21,"column":1}},"line":17},"2":{"name":"(anonymous_2)","decl":{"start":{"line":23,"column":29},"end":{"line":23,"column":30}},"loc":{"start":{"line":23,"column":49},"end":{"line":27,"column":1}},"line":23}},"branchMap":{"0":{"loc":{"start":{"line":24,"column":16},"end":{"line":24,"column":65}},"type":"binary-expr","locations":[{"start":{"line":24,"column":16},"end":{"line":24,"column":40}},{"start":{"line":24,"column":44},"end":{"line":24,"column":65}}],"line":24}},"s":{"0":2,"1":2,"2":2,"3":2,"4":0,"5":0,"6":0,"7":2,"8":0,"9":0,"10":0,"11":2,"12":0,"13":0,"14":0,"15":2},"f":{"0":0,"1":0,"2":0},"b":{"0":[0,0]},"_coverageSchema":"1a1c01bbd47fc00a2c39e90264f33305004495a9","hash":"d8428c402dfba7fc92e6cf5638eee1f029493458"}
,"C:\\Users\\admin\\Documents\\ice_cream\\src\\modules\\auth\\auth.repository.js": {"path":"C:\\Users\\admin\\Documents\\ice_cream\\src\\modules\\auth\\auth.repository.js","statementMap":{"0":{"start":{"line":1,"column":14},"end":{"line":1,"column":44}},"1":{"start":{"line":4,"column":2},"end":{"line":4,"column":33}},"2":{"start":{"line":8,"column":2},"end":{"line":8,"column":49}},"3":{"start":{"line":12,"column":2},"end":{"line":12,"column":30}},"4":{"start":{"line":16,"column":2},"end":{"line":16,"column":27}},"5":{"start":{"line":19,"column":0},"end":{"line":24,"column":2}}},"fnMap":{"0":{"name":"findByEmail","decl":{"start":{"line":3,"column":15},"end":{"line":3,"column":26}},"loc":{"start":{"line":3,"column":34},"end":{"line":5,"column":1}},"line":3},"1":{"name":"findActiveByEmail","decl":{"start":{"line":7,"column":15},"end":{"line":7,"column":32}},"loc":{"start":{"line":7,"column":40},"end":{"line":9,"column":1}},"line":7},"2":{"name":"createUser","decl":{"start":{"line":11,"column":15},"end":{"line":11,"column":25}},"loc":{"start":{"line":11,"column":35},"end":{"line":13,"column":1}},"line":11},"3":{"name":"findById","decl":{"start":{"line":15,"column":15},"end":{"line":15,"column":23}},"loc":{"start":{"line":15,"column":28},"end":{"line":17,"column":1}},"line":15}},"branchMap":{},"s":{"0":2,"1":0,"2":0,"3":0,"4":0,"5":2},"f":{"0":0,"1":0,"2":0,"3":0},"b":{},"_coverageSchema":"1a1c01bbd47fc00a2c39e90264f33305004495a9","hash":"a859b50bef927a7ee192db84476343143704ae3d"}
,"C:\\Users\\admin\\Documents\\ice_cream\\src\\modules\\auth\\auth.routes.js": {"path":"C:\\Users\\admin\\Documents\\ice_cream\\src\\modules\\auth\\auth.routes.js","statementMap":{"0":{"start":{"line":1,"column":20},"end":{"line":1,"column":38}},"1":{"start":{"line":2,"column":24},"end":{"line":2,"column":61}},"2":{"start":{"line":3,"column":18},"end":{"line":3,"column":50}},"3":{"start":{"line":4,"column":37},"end":{"line":4,"column":65}},"4":{"start":{"line":6,"column":15},"end":{"line":6,"column":23}},"5":{"start":{"line":8,"column":23},"end":{"line":17,"column":2}},"6":{"start":{"line":19,"column":20},"end":{"line":26,"column":2}},"7":{"start":{"line":28,"column":0},"end":{"line":28,"column":61}},"8":{"start":{"line":29,"column":0},"end":{"line":29,"column":52}},"9":{"start":{"line":30,"column":0},"end":{"line":30,"column":33}},"10":{"start":{"line":32,"column":0},"end":{"line":32,"column":24}}},"fnMap":{},"branchMap":{},"s":{"0":2,"1":2,"2":2,"3":2,"4":2,"5":2,"6":2,"7":2,"8":2,"9":2,"10":2},"f":{},"b":{},"_coverageSchema":"1a1c01bbd47fc00a2c39e90264f33305004495a9","hash":"278a48a4c1123e54b61471dbf2cde2cb7208c647"}
,"C:\\Users\\admin\\Documents\\ice_cream\\src\\modules\\auth\\auth.seed.js": {"path":"C:\\Users\\admin\\Documents\\ice_cream\\src\\modules\\auth\\auth.seed.js","statementMap":{"0":{"start":{"line":6,"column":16},"end":{"line":6,"column":34}},"1":{"start":{"line":7,"column":15},"end":{"line":7,"column":34}},"2":{"start":{"line":8,"column":12},"end":{"line":8,"column":35}},"3":{"start":{"line":9,"column":13},"end":{"line":9,"column":43}},"4":{"start":{"line":10,"column":14},"end":{"line":10,"column":46}},"5":{"start":{"line":11,"column":19},"end":{"line":11,"column":61}},"6":{"start":{"line":12,"column":18},"end":{"line":12,"column":50}},"7":{"start":{"line":13,"column":12},"end":{"line":13,"column":39}},"8":{"start":{"line":15,"column":15},"end":{"line":15,"column":31}},"9":{"start":{"line":19,"column":26},"end":{"line":19,"column":61}},"10":{"start":{"line":23,"column":2},"end":{"line":27,"column":4}},"11":{"start":{"line":32,"column":2},"end":{"line":73,"column":3}},"12":{"start":{"line":34,"column":30},"end":{"line":34,"column":82}},"13":{"start":{"line":37,"column":29},"end":{"line":37,"column":86}},"14":{"start":{"line":40,"column":22},"end":{"line":40,"column":26}},"15":{"start":{"line":42,"column":4},"end":{"line":50,"column":5}},"16":{"start":{"line":43,"column":25},"end":{"line":43,"column":62}},"17":{"start":{"line":44,"column":24},"end":{"line":44,"column":60}},"18":{"start":{"line":45,"column":6},"end":{"line":45,"column":82}},"19":{"start":{"line":46,"column":11},"end":{"line":50,"column":5}},"20":{"start":{"line":47,"column":6},"end":{"line":47,"column":38}},"21":{"start":{"line":48,"column":11},"end":{"line":50,"column":5}},"22":{"start":{"line":49,"column":6},"end":{"line":49,"column":37}},"23":{"start":{"line":52,"column":4},"end":{"line":52,"column":34}},"24":{"start":{"line":52,"column":22},"end":{"line":52,"column":34}},"25":{"start":{"line":55,"column":25},"end":{"line":56,"column":70}},"26":{"start":{"line":59,"column":4},"end":{"line":69,"column":6}},"27":{"start":{"line":71,"column":4},"end":{"line":71,"column":56}},"28":{"start":{"line":72,"column":4},"end":{"line":72,"column":16}},"29":{"start":{"line":76,"column":0},"end":{"line":141,"column":3}},"30":{"start":{"line":77,"column":2},"end":{"line":140,"column":3}},"31":{"start":{"line":78,"column":60},"end":{"line":78,"column":68}},"32":{"start":{"line":81,"column":22},"end":{"line":81,"column":28}},"33":{"start":{"line":82,"column":4},"end":{"line":84,"column":5}},"34":{"start":{"line":83,"column":6},"end":{"line":83,"column":38}},"35":{"start":{"line":87,"column":4},"end":{"line":89,"column":5}},"36":{"start":{"line":88,"column":6},"end":{"line":88,"column":67}},"37":{"start":{"line":91,"column":23},"end":{"line":91,"column":53}},"38":{"start":{"line":92,"column":26},"end":{"line":92,"column":51}},"39":{"start":{"line":93,"column":22},"end":{"line":93,"column":37}},"40":{"start":{"line":95,"column":24},"end":{"line":95,"column":46}},"41":{"start":{"line":98,"column":15},"end":{"line":98,"column":56}},"42":{"start":{"line":100,"column":4},"end":{"line":118,"column":5}},"43":{"start":{"line":102,"column":6},"end":{"line":102,"column":30}},"44":{"start":{"line":103,"column":6},"end":{"line":103,"column":27}},"45":{"start":{"line":104,"column":27},"end":{"line":104,"column":63}},"46":{"start":{"line":105,"column":6},"end":{"line":105,"column":39}},"47":{"start":{"line":106,"column":6},"end":{"line":106,"column":24}},"48":{"start":{"line":109,"column":27},"end":{"line":109,"column":63}},"49":{"start":{"line":110,"column":6},"end":{"line":116,"column":9}},"50":{"start":{"line":117,"column":6},"end":{"line":117,"column":24}},"51":{"start":{"line":121,"column":24},"end":{"line":121,"column":54}},"52":{"start":{"line":122,"column":25},"end":{"line":122,"column":50}},"53":{"start":{"line":124,"column":4},"end":{"line":136,"column":7}},"54":{"start":{"line":138,"column":4},"end":{"line":138,"column":46}},"55":{"start":{"line":139,"column":4},"end":{"line":139,"column":80}},"56":{"start":{"line":144,"column":0},"end":{"line":176,"column":3}},"57":{"start":{"line":145,"column":2},"end":{"line":175,"column":3}},"58":{"start":{"line":146,"column":34},"end":{"line":146,"column":43}},"59":{"start":{"line":149,"column":4},"end":{"line":151,"column":5}},"60":{"start":{"line":150,"column":6},"end":{"line":150,"column":67}},"61":{"start":{"line":153,"column":23},"end":{"line":153,"column":44}},"62":{"start":{"line":154,"column":17},"end":{"line":154,"column":77}},"63":{"start":{"line":156,"column":4},"end":{"line":158,"column":5}},"64":{"start":{"line":157,"column":6},"end":{"line":157,"column":92}},"65":{"start":{"line":161,"column":24},"end":{"line":161,"column":43}},"66":{"start":{"line":162,"column":24},"end":{"line":162,"column":54}},"67":{"start":{"line":165,"column":24},"end":{"line":165,"column":46}},"68":{"start":{"line":167,"column":4},"end":{"line":171,"column":7}},"69":{"start":{"line":173,"column":4},"end":{"line":173,"column":51}},"70":{"start":{"line":174,"column":4},"end":{"line":174,"column":77}},"71":{"start":{"line":178,"column":0},"end":{"line":178,"column":24}}},"fnMap":{"0":{"name":"createToken","decl":{"start":{"line":22,"column":9},"end":{"line":22,"column":20}},"loc":{"start":{"line":22,"column":46},"end":{"line":28,"column":1}},"line":22},"1":{"name":"getLatestOrder","decl":{"start":{"line":31,"column":15},"end":{"line":31,"column":29}},"loc":{"start":{"line":31,"column":32},"end":{"line":74,"column":1}},"line":31},"2":{"name":"(anonymous_2)","decl":{"start":{"line":76,"column":27},"end":{"line":76,"column":28}},"loc":{"start":{"line":76,"column":47},"end":{"line":141,"column":1}},"line":76},"3":{"name":"(anonymous_3)","decl":{"start":{"line":144,"column":31},"end":{"line":144,"column":32}},"loc":{"start":{"line":144,"column":51},"end":{"line":176,"column":1}},"line":144}},"branchMap":{"0":{"loc":{"start":{"line":19,"column":26},"end":{"line":19,"column":61}},"type":"binary-expr","locations":[{"start":{"line":19,"column":26},"end":{"line":19,"column":55}},{"start":{"line":19,"column":59},"end":{"line":19,"column":61}}],"line":19},"1":{"loc":{"start":{"line":22,"column":27},"end":{"line":22,"column":44}},"type":"default-arg","locations":[{"start":{"line":22,"column":39},"end":{"line":22,"column":44}}],"line":22},"2":{"loc":{"start":{"line":42,"column":4},"end":{"line":50,"column":5}},"type":"if","locations":[{"start":{"line":42,"column":4},"end":{"line":50,"column":5}},{"start":{"line":46,"column":11},"end":{"line":50,"column":5}}],"line":42},"3":{"loc":{"start":{"line":42,"column":8},"end":{"line":42,"column":45}},"type":"binary-expr","locations":[{"start":{"line":42,"column":8},"end":{"line":42,"column":25}},{"start":{"line":42,"column":29},"end":{"line":42,"column":45}}],"line":42},"4":{"loc":{"start":{"line":45,"column":20},"end":{"line":45,"column":81}},"type":"cond-expr","locations":[{"start":{"line":45,"column":45},"end":{"line":45,"column":62}},{"start":{"line":45,"column":65},"end":{"line":45,"column":81}}],"line":45},"5":{"loc":{"start":{"line":46,"column":11},"end":{"line":50,"column":5}},"type":"if","locations":[{"start":{"line":46,"column":11},"end":{"line":50,"column":5}},{"start":{"line":48,"column":11},"end":{"line":50,"column":5}}],"line":46},"6":{"loc":{"start":{"line":48,"column":11},"end":{"line":50,"column":5}},"type":"if","locations":[{"start":{"line":48,"column":11},"end":{"line":50,"column":5}},{"start":{},"end":{}}],"line":48},"7":{"loc":{"start":{"line":52,"column":4},"end":{"line":52,"column":34}},"type":"if","locations":[{"start":{"line":52,"column":4},"end":{"line":52,"column":34}},{"start":{},"end":{}}],"line":52},"8":{"loc":{"start":{"line":55,"column":25},"end":{"line":56,"column":70}},"type":"binary-expr","locations":[{"start":{"line":55,"column":25},"end":{"line":55,"column":41}},{"start":{"line":56,"column":7},"end":{"line":56,"column":69}}],"line":55},"9":{"loc":{"start":{"line":61,"column":17},"end":{"line":61,"column":68}},"type":"binary-expr","locations":[{"start":{"line":61,"column":17},"end":{"line":61,"column":38}},{"start":{"line":61,"column":42},"end":{"line":61,"column":68}}],"line":61},"10":{"loc":{"start":{"line":62,"column":12},"end":{"line":62,"column":45}},"type":"cond-expr","locations":[{"start":{"line":62,"column":27},"end":{"line":62,"column":34}},{"start":{"line":62,"column":37},"end":{"line":62,"column":45}}],"line":62},"11":{"loc":{"start":{"line":63,"column":19},"end":{"line":63,"column":63}},"type":"binary-expr","locations":[{"start":{"line":63,"column":19},"end":{"line":63,"column":42}},{"start":{"line":63,"column":46},"end":{"line":63,"column":63}}],"line":63},"12":{"loc":{"start":{"line":67,"column":20},"end":{"line":67,"column":90}},"type":"binary-expr","locations":[{"start":{"line":67,"column":20},"end":{"line":67,"column":44}},{"start":{"line":67,"column":49},"end":{"line":67,"column":89}}],"line":67},"13":{"loc":{"start":{"line":67,"column":49},"end":{"line":67,"column":89}},"type":"cond-expr","locations":[{"start":{"line":67,"column":70},"end":{"line":67,"column":84}},{"start":{"line":67,"column":87},"end":{"line":67,"column":89}}],"line":67},"14":{"loc":{"start":{"line":68,"column":13},"end":{"line":68,"column":63}},"type":"binary-expr","locations":[{"start":{"line":68,"column":13},"end":{"line":68,"column":36}},{"start":{"line":68,"column":40},"end":{"line":68,"column":57}},{"start":{"line":68,"column":61},"end":{"line":68,"column":63}}],"line":68},"15":{"loc":{"start":{"line":82,"column":4},"end":{"line":84,"column":5}},"type":"if","locations":[{"start":{"line":82,"column":4},"end":{"line":84,"column":5}},{"start":{},"end":{}}],"line":82},"16":{"loc":{"start":{"line":82,"column":8},"end":{"line":82,"column":36}},"type":"binary-expr","locations":[{"start":{"line":82,"column":8},"end":{"line":82,"column":25}},{"start":{"line":82,"column":29},"end":{"line":82,"column":36}}],"line":82},"17":{"loc":{"start":{"line":87,"column":4},"end":{"line":89,"column":5}},"type":"if","locations":[{"start":{"line":87,"column":4},"end":{"line":89,"column":5}},{"start":{},"end":{}}],"line":87},"18":{"loc":{"start":{"line":87,"column":8},"end":{"line":87,"column":90}},"type":"binary-expr","locations":[{"start":{"line":87,"column":8},"end":{"line":87,"column":41}},{"start":{"line":87,"column":45},"end":{"line":87,"column":90}}],"line":87},"19":{"loc":{"start":{"line":91,"column":23},"end":{"line":91,"column":53}},"type":"binary-expr","locations":[{"start":{"line":91,"column":23},"end":{"line":91,"column":28}},{"start":{"line":91,"column":32},"end":{"line":91,"column":53}}],"line":91},"20":{"loc":{"start":{"line":92,"column":26},"end":{"line":92,"column":51}},"type":"binary-expr","locations":[{"start":{"line":92,"column":26},"end":{"line":92,"column":34}},{"start":{"line":92,"column":38},"end":{"line":92,"column":51}}],"line":92},"21":{"loc":{"start":{"line":93,"column":22},"end":{"line":93,"column":37}},"type":"binary-expr","locations":[{"start":{"line":93,"column":22},"end":{"line":93,"column":26}},{"start":{"line":93,"column":30},"end":{"line":93,"column":37}}],"line":93},"22":{"loc":{"start":{"line":95,"column":24},"end":{"line":95,"column":46}},"type":"binary-expr","locations":[{"start":{"line":95,"column":24},"end":{"line":95,"column":36}},{"start":{"line":95,"column":40},"end":{"line":95,"column":46}}],"line":95},"23":{"loc":{"start":{"line":100,"column":4},"end":{"line":118,"column":5}},"type":"if","locations":[{"start":{"line":100,"column":4},"end":{"line":118,"column":5}},{"start":{"line":107,"column":11},"end":{"line":118,"column":5}}],"line":100},"24":{"loc":{"start":{"line":149,"column":4},"end":{"line":151,"column":5}},"type":"if","locations":[{"start":{"line":149,"column":4},"end":{"line":151,"column":5}},{"start":{},"end":{}}],"line":149},"25":{"loc":{"start":{"line":149,"column":8},"end":{"line":149,"column":80}},"type":"binary-expr","locations":[{"start":{"line":149,"column":8},"end":{"line":149,"column":36}},{"start":{"line":149,"column":40},"end":{"line":149,"column":80}}],"line":149},"26":{"loc":{"start":{"line":156,"column":4},"end":{"line":158,"column":5}},"type":"if","locations":[{"start":{"line":156,"column":4},"end":{"line":158,"column":5}},{"start":{},"end":{}}],"line":156},"27":{"loc":{"start":{"line":161,"column":24},"end":{"line":161,"column":43}},"type":"binary-expr","locations":[{"start":{"line":161,"column":24},"end":{"line":161,"column":33}},{"start":{"line":161,"column":37},"end":{"line":161,"column":43}}],"line":161}},"s":{"0":2,"1":2,"2":2,"3":2,"4":2,"5":2,"6":2,"7":2,"8":2,"9":2,"10":0,"11":0,"12":0,"13":0,"14":0,"15":0,"16":0,"17":0,"18":0,"19":0,"20":0,"21":0,"22":0,"23":0,"24":0,"25":0,"26":0,"27":0,"28":0,"29":2,"30":0,"31":0,"32":0,"33":0,"34":0,"35":0,"36":0,"37":0,"38":0,"39":0,"40":0,"41":0,"42":0,"43":0,"44":0,"45":0,"46":0,"47":0,"48":0,"49":0,"50":0,"51":0,"52":0,"53":0,"54":0,"55":0,"56":2,"57":0,"58":0,"59":0,"60":0,"61":0,"62":0,"63":0,"64":0,"65":0,"66":0,"67":0,"68":0,"69":0,"70":0,"71":2},"f":{"0":0,"1":0,"2":0,"3":0},"b":{"0":[2,2],"1":[0],"2":[0,0],"3":[0,0],"4":[0,0],"5":[0,0],"6":[0,0],"7":[0,0],"8":[0,0],"9":[0,0],"10":[0,0],"11":[0,0],"12":[0,0],"13":[0,0],"14":[0,0,0],"15":[0,0],"16":[0,0],"17":[0,0],"18":[0,0],"19":[0,0],"20":[0,0],"21":[0,0],"22":[0,0],"23":[0,0],"24":[0,0],"25":[0,0],"26":[0,0],"27":[0,0]},"_coverageSchema":"1a1c01bbd47fc00a2c39e90264f33305004495a9","hash":"602548140abd2c6ea67a61eef7f1953df3150ca0"}
[...]
,"C:\\Users\\admin\\Documents\\ice_cream\\src\\modules\\users\\users.repository.js": {"path":"C:\\Users\\admin\\Documents\\ice_cream\\src\\modules\\users\\users.repository.js","statementMap":{"0":{"start":{"line":1,"column":14},"end":{"line":1,"column":37}},"1":{"start":{"line":4,"column":2},"end":{"line":4,"column":93}},"2":{"start":{"line":8,"column":2},"end":{"line":8,"column":27}},"3":{"start":{"line":12,"column":2},"end":{"line":17,"column":12}},"4":{"start":{"line":21,"column":2},"end":{"line":21,"column":37}},"5":{"start":{"line":25,"column":2},"end":{"line":27,"column":12}},"6":{"start":{"line":31,"column":2},"end":{"line":31,"column":39}},"7":{"start":{"line":35,"column":2},"end":{"line":35,"column":49}},"8":{"start":{"line":38,"column":0},"end":{"line":46,"column":2}}},"fnMap":{"0":{"name":"findPublicById","decl":{"start":{"line":3,"column":9},"end":{"line":3,"column":23}},"loc":{"start":{"line":3,"column":28},"end":{"line":5,"column":1}},"line":3},"1":{"name":"findById","decl":{"start":{"line":7,"column":9},"end":{"line":7,"column":17}},"loc":{"start":{"line":7,"column":22},"end":{"line":9,"column":1}},"line":7},"2":{"name":"findMany","decl":{"start":{"line":11,"column":9},"end":{"line":11,"column":17}},"loc":{"start":{"line":11,"column":49},"end":{"line":18,"column":1}},"line":11},"3":{"name":"count","decl":{"start":{"line":20,"column":9},"end":{"line":20,"column":14}},"loc":{"start":{"line":20,"column":23},"end":{"line":22,"column":1}},"line":20},"4":{"name":"updateById","decl":{"start":{"line":24,"column":9},"end":{"line":24,"column":19}},"loc":{"start":{"line":24,"column":33},"end":{"line":28,"column":1}},"line":24},"5":{"name":"countByRole","decl":{"start":{"line":30,"column":9},"end":{"line":30,"column":20}},"loc":{"start":{"line":30,"column":27},"end":{"line":32,"column":1}},"line":30},"6":{"name":"countActiveUsers","decl":{"start":{"line":34,"column":9},"end":{"line":34,"column":25}},"loc":{"start":{"line":34,"column":28},"end":{"line":36,"column":1}},"line":34}},"branchMap":{},"s":{"0":2,"1":0,"2":0,"3":0,"4":0,"5":0,"6":0,"7":0,"8":2},"f":{"0":0,"1":0,"2":0,"3":0,"4":0,"5":0,"6":0},"b":{},"_coverageSchema":"1a1c01bbd47fc00a2c39e90264f33305004495a9","hash":"178075331618e7bcab1825aba517fe17e5d27448"}
,"C:\\Users\\admin\\Documents\\ice_cream\\src\\modules\\users\\users.routes.js": {"path":"C:\\Users\\admin\\Documents\\ice_cream\\src\\modules\\users\\users.routes.js","statementMap":{"0":{"start":{"line":1,"column":20},"end":{"line":1,"column":38}},"1":{"start":{"line":2,"column":38},"end":{"line":2,"column":71}},"2":{"start":{"line":3,"column":24},"end":{"line":3,"column":61}},"3":{"start":{"line":4,"column":18},"end":{"line":4,"column":50}},"4":{"start":{"line":5,"column":58},"end":{"line":5,"column":87}},"5":{"start":{"line":7,"column":15},"end":{"line":7,"column":23}},"6":{"start":{"line":9,"column":26},"end":{"line":19,"column":2}},"7":{"start":{"line":21,"column":27},"end":{"line":31,"column":2}},"8":{"start":{"line":28,"column":23},"end":{"line":28,"column":52}},"9":{"start":{"line":33,"column":0},"end":{"line":33,"column":39}},"10":{"start":{"line":34,"column":0},"end":{"line":34,"column":82}},"11":{"start":{"line":35,"column":0},"end":{"line":35,"column":98}},"12":{"start":{"line":36,"column":0},"end":{"line":36,"column":105}},"13":{"start":{"line":38,"column":0},"end":{"line":38,"column":24}}},"fnMap":{"0":{"name":"(anonymous_0)","decl":{"start":{"line":28,"column":12},"end":{"line":28,"column":13}},"loc":{"start":{"line":28,"column":23},"end":{"line":28,"column":52}},"line":28}},"branchMap":{},"s":{"0":2,"1":2,"2":2,"3":2,"4":2,"5":2,"6":2,"7":2,"8":0,"9":2,"10":2,"11":2,"12":2,"13":2},"f":{"0":0},"b":{},"_coverageSchema":"1a1c01bbd47fc00a2c39e90264f33305004495a9","hash":"d2c1b6b315186ce2a1edacfacc54223fba858984"}
,"C:\\Users\\admin\\Documents\\ice_cream\\src\\modules\\users\\users.service.js": {"path":"C:\\Users\\admin\\Documents\\ice_cream\\src\\modules\\users\\users.service.js","statementMap":{"0":{"start":{"line":1,"column":18},"end":{"line":1,"column":49}},"1":{"start":{"line":2,"column":33},"end":{"line":2,"column":66}},"2":{"start":{"line":3,"column":18},"end":{"line":3,"column":50}},"3":{"start":{"line":4,"column":24},"end":{"line":4,"column":53}},"4":{"start":{"line":7,"column":15},"end":{"line":7,"column":59}},"5":{"start":{"line":8,"column":2},"end":{"line":8,"column":55}},"6":{"start":{"line":8,"column":13},"end":{"line":8,"column":55}},"7":{"start":{"line":9,"column":2},"end":{"line":9,"column":14}},"8":{"start":{"line":13,"column":32},"end":{"line":13,"column":59}},"9":{"start":{"line":14,"column":17},"end":{"line":14,"column":19}},"10":{"start":{"line":16,"column":2},"end":{"line":16,"column":43}},"11":{"start":{"line":16,"column":18},"end":{"line":16,"column":43}},"12":{"start":{"line":17,"column":2},"end":{"line":17,"column":88}},"13":{"start":{"line":17,"column":36},"end":{"line":17,"column":88}},"14":{"start":{"line":18,"column":2},"end":{"line":22,"column":3}},"15":{"start":{"line":19,"column":20},"end":{"line":19,"column":80}},"16":{"start":{"line":20,"column":18},"end":{"line":20,"column":42}},"17":{"start":{"line":21,"column":4},"end":{"line":21,"column":53}},"18":{"start":{"line":24,"column":25},"end":{"line":27,"column":4}},"19":{"start":{"line":29,"column":2},"end":{"line":29,"column":39}},"20":{"start":{"line":33,"column":15},"end":{"line":33,"column":53}},"21":{"start":{"line":34,"column":2},"end":{"line":34,"column":55}},"22":{"start":{"line":34,"column":13},"end":{"line":34,"column":55}},"23":{"start":{"line":36,"column":2},"end":{"line":38,"column":3}},"24":{"start":{"line":37,"column":4},"end":{"line":37,"column":63}},"25":{"start":{"line":40,"column":18},"end":{"line":40,"column":67}},"26":{"start":{"line":41,"column":2},"end":{"line":41,"column":58}},"27":{"start":{"line":41,"column":16},"end":{"line":41,"column":58}},"28":{"start":{"line":42,"column":2},"end":{"line":42,"column":17}},"29":{"start":{"line":46,"column":53},"end":{"line":50,"column":4}},"30":{"start":{"line":52,"column":2},"end":{"line":52,"column":54}},"31":{"start":{"line":55,"column":0},"end":{"line":60,"column":2}}},"fnMap":{"0":{"name":"getMe","decl":{"start":{"line":6,"column":15},"end":{"line":6,"column":20}},"loc":{"start":{"line":6,"column":29},"end":{"line":10,"column":1}},"line":6},"1":{"name":"listMembers","decl":{"start":{"line":12,"column":15},"end":{"line":12,"column":26}},"loc":{"start":{"line":12,"column":34},"end":{"line":30,"column":1}},"line":12},"2":{"name":"updateMember","decl":{"start":{"line":32,"column":15},"end":{"line":32,"column":27}},"loc":{"start":{"line":32,"column":54},"end":{"line":43,"column":1}},"line":32},"3":{"name":"memberStats","decl":{"start":{"line":45,"column":15},"end":{"line":45,"column":26}},"loc":{"start":{"line":45,"column":29},"end":{"line":53,"column":1}},"line":45}},"branchMap":{"0":{"loc":{"start":{"line":8,"column":2},"end":{"line":8,"column":55}},"type":"if","locations":[{"start":{"line":8,"column":2},"end":{"line":8,"column":55}},{"start":{},"end":{}}],"line":8},"1":{"loc":{"start":{"line":16,"column":2},"end":{"line":16,"column":43}},"type":"if","locations":[{"start":{"line":16,"column":2},"end":{"line":16,"column":43}},{"start":{},"end":{}}],"line":16},"2":{"loc":{"start":{"line":17,"column":2},"end":{"line":17,"column":88}},"type":"if","locations":[{"start":{"line":17,"column":2},"end":{"line":17,"column":88}},{"start":{},"end":{}}],"line":17},"3":{"loc":{"start":{"line":18,"column":2},"end":{"line":22,"column":3}},"type":"if","locations":[{"start":{"line":18,"column":2},"end":{"line":22,"column":3}},{"start":{},"end":{}}],"line":18},"4":{"loc":{"start":{"line":34,"column":2},"end":{"line":34,"column":55}},"type":"if","locations":[{"start":{"line":34,"column":2},"end":{"line":34,"column":55}},{"start":{},"end":{}}],"line":34},"5":{"loc":{"start":{"line":36,"column":2},"end":{"line":38,"column":3}},"type":"if","locations":[{"start":{"line":36,"column":2},"end":{"line":38,"column":3}},{"start":{},"end":{}}],"line":36},"6":{"loc":{"start":{"line":36,"column":6},"end":{"line":36,"column":88}},"type":"binary-expr","locations":[{"start":{"line":36,"column":6},"end":{"line":36,"column":42}},{"start":{"line":36,"column":46},"end":{"line":36,"column":58}},{"start":{"line":36,"column":62},"end":{"line":36,"column":88}}],"line":36},"7":{"loc":{"start":{"line":41,"column":2},"end":{"line":41,"column":58}},"type":"if","locations":[{"start":{"line":41,"column":2},"end":{"line":41,"column":58}},{"start":{},"end":{}}],"line":41}},"s":{"0":3,"1":3,"2":3,"3":3,"4":0,"5":0,"6":0,"7":0,"8":0,"9":0,"10":0,"11":0,"12":0,"13":0,"14":0,"15":0,"16":0,"17":0,"18":0,"19":0,"20":1,"21":1,"22":0,"23":1,"24":1,"25":0,"26":0,"27":0,"28":0,"29":1,"30":1,"31":3},"f":{"0":0,"1":0,"2":1,"3":1},"b":{"0":[0,0],"1":[0,0],"2":[0,0],"3":[0,0],"4":[0,1],"5":[1,0],"6":[1,1,1],"7":[0,0]},"_coverageSchema":"1a1c01bbd47fc00a2c39e90264f33305004495a9","hash":"e14dcb8fdea5e2ede8d0f339d9777af1ffda3505"}
,"C:\\Users\\admin\\Documents\\ice_cream\\src\\modules\\wishlist\\wishlist.model.js": {"path":"C:\\Users\\admin\\Documents\\ice_cream\\src\\modules\\wishlist\\wishlist.model.js","statementMap":{"0":{"start":{"line":1,"column":18},"end":{"line":1,"column":37}},"1":{"start":{"line":3,"column":23},"end":{"line":9,"column":1}},"2":{"start":{"line":11,"column":0},"end":{"line":11,"column":68}},"3":{"start":{"line":13,"column":0},"end":{"line":13,"column":64}}},"fnMap":{},"branchMap":{},"s":{"0":2,"1":2,"2":2,"3":2},"f":{},"b":{},"_coverageSchema":"1a1c01bbd47fc00a2c39e90264f33305004495a9","hash":"25d7f6c9e402e84032be0799a063def6e5fc180a"}
,"C:\\Users\\admin\\Documents\\ice_cream\\src\\modules\\wishlist\\wishlist.routes.js": {"path":"C:\\Users\\admin\\Documents\\ice_cream\\src\\modules\\wishlist\\wishlist.routes.js","statementMap":{"0":{"start":{"line":1,"column":20},"end":{"line":1,"column":38}},"1":{"start":{"line":2,"column":25},"end":{"line":2,"column":58}},"2":{"start":{"line":3,"column":24},"end":{"line":3,"column":61}},"3":{"start":{"line":4,"column":21},"end":{"line":4,"column":48}},"4":{"start":{"line":6,"column":15},"end":{"line":6,"column":23}},"5":{"start":{"line":8,"column":18},"end":{"line":12,"column":2}},"6":{"start":{"line":14,"column":21},"end":{"line":18,"column":2}},"7":{"start":{"line":20,"column":0},"end":{"line":27,"column":3}},"8":{"start":{"line":21,"column":2},"end":{"line":26,"column":3}},"9":{"start":{"line":22,"column":18},"end":{"line":22,"column":96}},"10":{"start":{"line":23,"column":4},"end":{"line":23,"column":20}},"11":{"start":{"line":25,"column":4},"end":{"line":25,"column":16}},"12":{"start":{"line":29,"column":0},"end":{"line":41,"column":3}},"13":{"start":{"line":30,"column":2},"end":{"line":40,"column":3}},"14":{"start":{"line":31,"column":4},"end":{"line":35,"column":6}},"15":{"start":{"line":36,"column":18},"end":{"line":36,"column":96}},"16":{"start":{"line":37,"column":4},"end":{"line":37,"column":32}},"17":{"start":{"line":39,"column":4},"end":{"line":39,"column":16}},"18":{"start":{"line":43,"column":0},"end":{"line":51,"column":3}},"19":{"start":{"line":44,"column":2},"end":{"line":50,"column":3}},"20":{"start":{"line":45,"column":4},"end":{"line":45,"column":99}},"21":{"start":{"line":46,"column":18},"end":{"line":46,"column":96}},"22":{"start":{"line":47,"column":4},"end":{"line":47,"column":20}},"23":{"start":{"line":49,"column":4},"end":{"line":49,"column":16}},"24":{"start":{"line":53,"column":0},"end":{"line":53,"column":24}}},"fnMap":{"0":{"name":"(anonymous_0)","decl":{"start":{"line":20,"column":32},"end":{"line":20,"column":33}},"loc":{"start":{"line":20,"column":58},"end":{"line":27,"column":1}},"line":20},"1":{"name":"(anonymous_1)","decl":{"start":{"line":29,"column":57},"end":{"line":29,"column":58}},"loc":{"start":{"line":29,"column":83},"end":{"line":41,"column":1}},"line":29},"2":{"name":"(anonymous_2)","decl":{"start":{"line":43,"column":73},"end":{"line":43,"column":74}},"loc":{"start":{"line":43,"column":99},"end":{"line":51,"column":1}},"line":43}},"branchMap":{},"s":{"0":2,"1":2,"2":2,"3":2,"4":2,"5":2,"6":2,"7":2,"8":0,"9":0,"10":0,"11":0,"12":2,"13":0,"14":0,"15":0,"16":0,"17":0,"18":2,"19":0,"20":0,"21":0,"22":0,"23":0,"24":2},"f":{"0":0,"1":0,"2":0},"b":{},"_coverageSchema":"1a1c01bbd47fc00a2c39e90264f33305004495a9","hash":"5018ac5d075357d878562cfe243ce32c70c061ca"}
,"C:\\Users\\admin\\Documents\\ice_cream\\src\\services\\mailer.js": {"path":"C:\\Users\\admin\\Documents\\ice_cream\\src\\services\\mailer.js","statementMap":{"0":{"start":{"line":1,"column":20},"end":{"line":1,"column":41}},"1":{"start":{"line":2,"column":12},"end":{"line":2,"column":36}},"2":{"start":{"line":7,"column":2},"end":{"line":7,"column":38}},"3":{"start":{"line":7,"column":19},"end":{"line":7,"column":38}},"4":{"start":{"line":9,"column":2},"end":{"line":17,"column":3}},"5":{"start":{"line":10,"column":4},"end":{"line":15,"column":6}},"6":{"start":{"line":12,"column":8},"end":{"line":12,"column":60}},"7":{"start":{"line":13,"column":8},"end":{"line":13,"column":32}},"8":{"start":{"line":16,"column":4},"end":{"line":16,"column":23}},"9":{"start":{"line":19,"column":2},"end":{"line":27,"column":5}},"10":{"start":{"line":29,"column":2},"end":{"line":29,"column":21}},"11":{"start":{"line":33,"column":13},"end":{"line":33,"column":29}},"12":{"start":{"line":34,"column":2},"end":{"line":39,"column":5}},"13":{"start":{"line":42,"column":0},"end":{"line":44,"column":2}}},"fnMap":{"0":{"name":"getTransporter","decl":{"start":{"line":6,"column":9},"end":{"line":6,"column":23}},"loc":{"start":{"line":6,"column":26},"end":{"line":30,"column":1}},"line":6},"1":{"name":"(anonymous_1)","decl":{"start":{"line":11,"column":16},"end":{"line":11,"column":17}},"loc":{"start":{"line":11,"column":35},"end":{"line":14,"column":7}},"line":11},"2":{"name":"sendMail","decl":{"start":{"line":32,"column":15},"end":{"line":32,"column":23}},"loc":{"start":{"line":32,"column":47},"end":{"line":40,"column":1}},"line":32}},"branchMap":{"0":{"loc":{"start":{"line":7,"column":2},"end":{"line":7,"column":38}},"type":"if","locations":[{"start":{"line":7,"column":2},"end":{"line":7,"column":38}},{"start":{},"end":{}}],"line":7},"1":{"loc":{"start":{"line":9,"column":2},"end":{"line":17,"column":3}},"type":"if","locations":[{"start":{"line":9,"column":2},"end":{"line":17,"column":3}},{"start":{},"end":{}}],"line":9},"2":{"loc":{"start":{"line":9,"column":6},"end":{"line":9,"column":53}},"type":"binary-expr","locations":[{"start":{"line":9,"column":6},"end":{"line":9,"column":19}},{"start":{"line":9,"column":23},"end":{"line":9,"column":36}},{"start":{"line":9,"column":40},"end":{"line":9,"column":53}}],"line":9}},"s":{"0":2,"1":2,"2":0,"3":0,"4":0,"5":0,"6":0,"7":0,"8":0,"9":0,"10":0,"11":0,"12":0,"13":2},"f":{"0":0,"1":0,"2":0},"b":{"0":[0,0],"1":[0,0],"2":[0,0,0]},"_coverageSchema":"1a1c01bbd47fc00a2c39e90264f33305004495a9","hash":"a270befb8f77ec89035d278acaafcbfbceb0b2fb"}
,"C:\\Users\\admin\\Documents\\ice_cream\\src\\utils\\apiError.js": {"path":"C:\\Users\\admin\\Documents\\ice_cream\\src\\utils\\apiError.js","statementMap":{"0":{"start":{"line":3,"column":4},"end":{"line":3,"column":19}},"1":{"start":{"line":4,"column":4},"end":{"line":4,"column":33}},"2":{"start":{"line":5,"column":4},"end":{"line":5,"column":27}},"3":{"start":{"line":9,"column":0},"end":{"line":9,"column":26}}},"fnMap":{"0":{"name":"(anonymous_0)","decl":{"start":{"line":2,"column":2},"end":{"line":2,"column":3}},"loc":{"start":{"line":2,"column":44},"end":{"line":6,"column":3}},"line":2}},"branchMap":{},"s":{"0":2,"1":2,"2":2,"3":4},"f":{"0":2},"b":{},"_coverageSchema":"1a1c01bbd47fc00a2c39e90264f33305004495a9","hash":"c3ad28ca3af78d62fadb67b4ff7b991e5e013afc"}
,"C:\\Users\\admin\\Documents\\ice_cream\\src\\utils\\asyncHandler.js": {"path":"C:\\Users\\admin\\Documents\\ice_cream\\src\\utils\\asyncHandler.js","statementMap":{"0":{"start":{"line":2,"column":2},"end":{"line":4,"column":4}},"1":{"start":{"line":3,"column":4},"end":{"line":3,"column":52}},"2":{"start":{"line":7,"column":0},"end":{"line":7,"column":30}}},"fnMap":{"0":{"name":"asyncHandler","decl":{"start":{"line":1,"column":10},"end":{"line":1,"column":22}},"loc":{"start":{"line":1,"column":27},"end":{"line":5,"column":1}},"line":1},"1":{"name":"(anonymous_1)","decl":{"start":{"line":2,"column":9},"end":{"line":2,"column":10}},"loc":{"start":{"line":2,"column":29},"end":{"line":4,"column":3}},"line":2}},"branchMap":{},"s":{"0":86,"1":0,"2":2},"f":{"0":86,"1":0},"b":{},"_coverageSchema":"1a1c01bbd47fc00a2c39e90264f33305004495a9","hash":"63919fffe98f47f674c7beda7272418430c242ad"}
,"C:\\Users\\admin\\Documents\\ice_cream\\src\\utils\\jwt.js": {"path":"C:\\Users\\admin\\Documents\\ice_cream\\src\\utils\\jwt.js","statementMap":{"0":{"start":{"line":1,"column":13},"end":{"line":1,"column":36}},"1":{"start":{"line":2,"column":12},"end":{"line":2,"column":36}},"2":{"start":{"line":5,"column":2},"end":{"line":5,"column":117}},"3":{"start":{"line":9,"column":2},"end":{"line":9,"column":119}},"4":{"start":{"line":13,"column":2},"end":{"line":13,"column":45}},"5":{"start":{"line":17,"column":2},"end":{"line":17,"column":46}},"6":{"start":{"line":20,"column":0},"end":{"line":25,"column":2}}},"fnMap":{"0":{"name":"signAccessToken","decl":{"start":{"line":4,"column":9},"end":{"line":4,"column":24}},"loc":{"start":{"line":4,"column":31},"end":{"line":6,"column":1}},"line":4},"1":{"name":"signRefreshToken","decl":{"start":{"line":8,"column":9},"end":{"line":8,"column":25}},"loc":{"start":{"line":8,"column":32},"end":{"line":10,"column":1}},"line":8},"2":{"name":"verifyAccessToken","decl":{"start":{"line":12,"column":9},"end":{"line":12,"column":26}},"loc":{"start":{"line":12,"column":34},"end":{"line":14,"column":1}},"line":12},"3":{"name":"verifyRefreshToken","decl":{"start":{"line":16,"column":9},"end":{"line":16,"column":27}},"loc":{"start":{"line":16,"column":35},"end":{"line":18,"column":1}},"line":16}},"branchMap":{},"s":{"0":2,"1":2,"2":0,"3":0,"4":0,"5":0,"6":2},"f":{"0":0,"1":0,"2":0,"3":0},"b":{},"_coverageSchema":"1a1c01bbd47fc00a2c39e90264f33305004495a9","hash":"a71316fafd55be151de4fff4b34af4536cd0b78d"}
,"C:\\Users\\admin\\Documents\\ice_cream\\src\\utils\\pagination.js": {"path":"C:\\Users\\admin\\Documents\\ice_cream\\src\\utils\\pagination.js","statementMap":{"0":{"start":{"line":2,"column":16},"end":{"line":2,"column":68}},"1":{"start":{"line":3,"column":15},"end":{"line":3,"column":51}},"2":{"start":{"line":4,"column":15},"end":{"line":4,"column":33}},"3":{"start":{"line":5,"column":2},"end":{"line":5,"column":31}},"4":{"start":{"line":8,"column":0},"end":{"line":8,"column":42}}},"fnMap":{"0":{"name":"buildPaginationQuery","decl":{"start":{"line":1,"column":10},"end":{"line":1,"column":30}},"loc":{"start":{"line":1,"column":38},"end":{"line":6,"column":1}},"line":1}},"branchMap":{"0":{"loc":{"start":{"line":2,"column":44},"end":{"line":2,"column":61}},"type":"binary-expr","locations":[{"start":{"line":2,"column":44},"end":{"line":2,"column":55}},{"start":{"line":2,"column":59},"end":{"line":2,"column":61}}],"line":2},"1":{"loc":{"start":{"line":3,"column":34},"end":{"line":3,"column":49}},"type":"binary-expr","locations":[{"start":{"line":3,"column":34},"end":{"line":3,"column":44}},{"start":{"line":3,"column":48},"end":{"line":3,"column":49}}],"line":3}},"s":{"0":0,"1":0,"2":0,"3":0,"4":3},"f":{"0":0},"b":{"0":[0,0],"1":[0,0]},"_coverageSchema":"1a1c01bbd47fc00a2c39e90264f33305004495a9","hash":"3fb180184739ddeb866290fa3812ada90e607852"}
}
