TN:
SF:src\app.js
FN:50,(anonymous_0)
FN:61,normalizeOrigin
FN:69,isAllowedOrigin
FN:75,(anonymous_3)
FN:83,(anonymous_4)
FN:110,(anonymous_5)
FN:122,(anonymous_6)
FN:128,(anonymous_7)
FN:132,(anonymous_8)
FNF:9
FNH:1
FNDA:2,(anonymous_0)
FNDA:0,normalizeOrigin
FNDA:0,isAllowedOrigin
FNDA:0,(anonymous_3)
FNDA:0,(anonymous_4)
FNDA:0,(anonymous_5)
FNDA:0,(anonymous_6)
FNDA:0,(anonymous_7)
FNDA:0,(anonymous_8)
DA:1,2
DA:2,2
DA:3,2
DA:4,2
DA:5,2
DA:6,2
DA:7,2
DA:8,2
DA:10,2
DA:12,2
DA:13,0
DA:14,0
DA:15,0
DA:16,0
DA:17,0
DA:20,2
DA:21,2
DA:22,2
DA:23,2
DA:25,2
DA:26,2
DA:27,2
DA:28,2
DA:29,2
DA:30,2
DA:31,2
DA:32,2
DA:33,2
DA:34,2
DA:35,2
DA:36,2
DA:37,2
DA:38,2
DA:39,2
DA:40,2
DA:41,2
DA:42,2
DA:44,2
DA:46,2
DA:47,2
DA:50,2
DA:55,2
DA:57,2
DA:58,0
DA:62,0
DA:63,0
DA:65,0
DA:70,0
DA:71,0
DA:72,0
DA:73,0
DA:75,0
DA:76,0
DA:78,0
DA:81,2
DA:84,0
DA:85,0
DA:86,0
DA:91,2
DA:100,2
DA:107,2
DA:111,0
DA:115,2
DA:116,2
DA:117,2
DA:118,2
DA:120,2
DA:122,2
DA:123,0
DA:126,2
DA:128,2
DA:129,0
DA:132,2
DA:133,0
DA:134,0
DA:137,2
DA:138,2
DA:139,2
DA:140,2
DA:141,2
DA:142,2
DA:143,2
DA:144,2
DA:145,2
DA:146,2
DA:147,2
DA:148,2
DA:149,2
DA:150,2
DA:151,2
DA:152,2
DA:153,2
DA:154,2
DA:156,2
DA:157,2
DA:159,2
LF:96
LH:72
BRDA:12,0,0,0
BRDA:12,0,1,2
BRDA:48,1,0,2
BRDA:48,1,1,0
BRDA:52,2,0,2
BRDA:52,2,1,0
BRDA:53,3,0,2
BRDA:53,3,1,0
BRDA:57,4,0,0
BRDA:57,4,1,2
BRDA:63,5,0,0
BRDA:63,5,1,0
BRDA:65,6,0,0
BRDA:65,6,1,0
BRDA:71,7,0,0
BRDA:71,7,1,0
BRDA:72,8,0,0
BRDA:72,8,1,0
BRDA:73,9,0,0
BRDA:73,9,1,0
BRDA:76,10,0,0
BRDA:76,10,1,0
BRDA:76,11,0,0
BRDA:76,11,1,0
BRDA:84,12,0,0
BRDA:84,12,1,0
BRDA:85,13,0,0
BRDA:85,13,1,0
BRF:28
BRH:5
end_of_record
TN:
SF:src\config\cloudinary.js
FN:4,buildSignature
FN:6,(anonymous_1)
FN:10,uploadBase64ImageToCloudinary
FNF:3
FNH:0
FNDA:0,buildSignature
FNDA:0,(anonymous_1)
FNDA:0,uploadBase64ImageToCloudinary
DA:1,2
DA:2,2
DA:5,0
DA:6,0
DA:7,0
DA:11,0
DA:12,0
DA:15,0
DA:16,0
DA:17,0
DA:18,0
DA:20,0
DA:21,0
DA:23,0
DA:24,0
DA:27,0
DA:28,0
DA:29,0
DA:31,0
DA:32,0
DA:33,0
DA:36,0
DA:42,0
DA:43,0
DA:44,0
DA:45,0
DA:48,0
DA:57,2
LF:28
LH:3
BRDA:10,0,0,0
BRDA:11,1,0,0
BRDA:11,1,1,0
BRDA:20,2,0,0
BRDA:20,2,1,0
BRDA:23,3,0,0
BRDA:23,3,1,0
BRDA:23,4,0,0
BRDA:23,4,1,0
BRDA:43,5,0,0
BRDA:43,5,1,0
BRDA:44,6,0,0
BRDA:44,6,1,0
BRDA:44,7,0,0
BRDA:44,7,1,0
BRDA:44,7,2,0
BRF:16
BRH:0
end_of_record
TN:
SF:src\config\env.js
FN:5,required
FNF:1
FNH:1
FNDA:6,required
DA:1,2
DA:3,2
DA:6,6
DA:7,6
DA:8,6
DA:10,2
DA:12,2
LF:7
LH:7
BRDA:6,0,0,6
BRDA:6,0,1,0
BRDA:7,1,0,0
BRDA:7,1,1,6
BRDA:13,2,0,2
BRDA:13,2,1,0
BRDA:14,3,0,2
BRDA:14,3,1,0
BRDA:14,4,0,0
BRDA:14,4,1,0
BRDA:15,5,0,2
BRDA:15,5,1,0
BRDA:15,6,0,0
BRDA:15,6,1,0
BRDA:16,7,0,2
BRDA:16,7,1,0
BRDA:16,8,0,0
BRDA:16,8,1,0
BRDA:18,9,0,2
BRDA:18,9,1,0
BRDA:18,10,0,0
BRDA:18,10,1,0
BRDA:21,11,0,2
BRDA:21,11,1,0
BRDA:22,12,0,2
BRDA:22,12,1,0
BRDA:23,13,0,2
BRDA:23,13,1,2
BRDA:24,14,0,2
BRDA:24,14,1,0
BRDA:25,15,0,2
BRDA:25,15,1,2
BRDA:26,16,0,2
BRDA:26,16,1,2
BRDA:27,17,0,2
BRDA:27,17,1,0
BRDA:27,18,0,0
BRDA:27,18,1,0
BRDA:28,19,0,2
BRDA:28,19,1,0
BRDA:28,20,0,0
BRDA:28,20,1,0
BRDA:29,21,0,2
BRDA:29,21,1,2
BRDA:30,22,0,2
BRDA:30,22,1,2
BRDA:31,23,0,2
BRDA:31,23,1,0
BRDA:32,24,0,2
BRDA:32,24,1,0
BRDA:32,25,0,0
BRDA:32,25,1,0
BRDA:33,26,0,2
BRDA:33,26,1,2
BRDA:34,27,0,2
BRDA:34,27,1,2
BRDA:35,28,0,2
BRDA:35,28,1,2
BRDA:36,29,0,2
BRDA:36,29,1,0
BRDA:37,30,0,2
BRDA:37,30,1,0
BRDA:37,31,0,0
BRDA:37,31,1,0
BRDA:38,32,0,2
BRDA:38,32,1,0
BRDA:38,33,0,0
BRDA:38,33,1,0
BRDA:39,34,0,2
BRDA:39,34,1,2
BRDA:40,35,0,2
BRDA:40,35,1,2
BRDA:41,36,0,2
BRDA:41,36,1,2
BRDA:42,37,0,2
BRDA:42,37,1,2
BRDA:43,38,0,2
BRDA:43,38,1,2
BRDA:44,39,0,2
BRDA:44,39,1,0
BRDA:45,40,0,2
BRDA:45,40,1,2
BRDA:46,41,0,2
BRDA:46,41,1,2
BRDA:47,42,0,2
BRDA:47,42,1,0
BRDA:48,43,0,2
BRDA:48,43,1,0
BRF:88
BRH:50
end_of_record
TN:
SF:src\config\redis.js
FN:6,getRedis
FN:10,(anonymous_1)
FNF:2
FNH:0
FNDA:0,getRedis
FNDA:0,(anonymous_1)
DA:1,2
DA:2,2
DA:4,2
DA:7,0
DA:8,0
DA:9,0
DA:10,0
DA:11,0
DA:13,0
DA:16,2
LF:10
LH:4
BRDA:7,0,0,0
BRDA:7,0,1,0
BRDA:8,1,0,0
BRDA:8,1,1,0
BRF:4
BRH:0
end_of_record
TN:
SF:src\constants\enums.js
FNF:0
FNH:0
DA:1,5
DA:6,5
DA:15,5
DA:23,5
DA:29,5
DA:38,5
LF:6
LH:6
BRF:0
BRH:0
end_of_record
TN:
SF:src\docs\openapi.js
FN:1,getOpenApiSpec
FN:36,renderSwaggerUiHtml
FNF:2
FNH:0
FNDA:0,getOpenApiSpec
FNDA:0,renderSwaggerUiHtml
DA:2,0
DA:37,0
DA:58,2
LF:3
LH:1
BRDA:9,0,0,0
BRDA:9,0,1,0
BRF:2
BRH:0
end_of_record
TN:
SF:src\middlewares\auth.js
FN:4,authRequired
FN:17,requireRole
FN:18,(anonymous_2)
FNF:3
FNH:1
FNDA:0,authRequired
FNDA:46,requireRole
FNDA:0,(anonymous_2)
DA:1,2
DA:2,2
DA:5,0
DA:6,0
DA:7,0
DA:9,0
DA:10,0
DA:11,0
DA:13,0
DA:18,46
DA:19,0
DA:20,0
DA:21,0
DA:25,2
LF:14
LH:4
BRDA:5,0,0,0
BRDA:5,0,1,0
BRDA:6,1,0,0
BRDA:6,1,1,0
BRDA:7,2,0,0
BRDA:7,2,1,0
BRDA:19,3,0,0
BRDA:19,3,1,0
BRDA:20,4,0,0
BRDA:20,4,1,0
BRF:10
BRH:0
end_of_record
TN:
SF:src\middlewares\csrf.js
FN:4,generateToken
FN:8,csrfTokenRoute
FN:23,csrfProtection
FNF:3
FNH:0
FNDA:0,generateToken
FNDA:0,csrfTokenRoute
FNDA:0,csrfProtection
DA:1,2
DA:2,2
DA:5,0
DA:9,0
DA:10,0
DA:11,0
DA:12,0
DA:14,0
DA:20,0
DA:24,0
DA:25,0
DA:27,0
DA:28,0
DA:30,0
DA:31,0
DA:33,0
DA:34,0
DA:37,0
DA:40,2
LF:19
LH:3
BRDA:10,0,0,0
BRDA:10,0,1,0
BRDA:11,1,0,0
BRDA:11,1,1,0
BRDA:12,2,0,0
BRDA:12,2,1,0
BRDA:12,2,2,0
BRDA:16,3,0,0
BRDA:16,3,1,0
BRDA:17,4,0,0
BRDA:17,4,1,0
BRDA:25,5,0,0
BRDA:25,5,1,0
BRDA:27,6,0,0
BRDA:27,6,1,0
BRDA:28,7,0,0
BRDA:28,7,1,0
BRDA:30,8,0,0
BRDA:30,8,1,0
BRDA:33,9,0,0
BRDA:33,9,1,0
BRDA:33,10,0,0
BRDA:33,10,1,0
BRDA:33,10,2,0
BRF:24
BRH:0
end_of_record
TN:
SF:src\middlewares\errorHandler.js
FN:1,errorHandler
FNF:1
FNH:0
FNDA:0,errorHandler
DA:2,0
DA:3,0
DA:5,0
DA:11,2
LF:4
LH:1
BRDA:2,0,0,0
BRDA:2,0,1,0
BRDA:3,1,0,0
BRDA:3,1,1,0
BRDA:7,2,0,0
BRDA:7,2,1,0
BRF:6
BRH:0
end_of_record
TN:
SF:src\middlewares\notFound.js
FN:1,notFound
FNF:1
FNH:0
FNDA:0,notFound
DA:2,0
DA:5,2
LF:2
LH:1
BRF:0
BRH:0
end_of_record
TN:
SF:src\middlewares\validate.js
FN:3,validate
FN:4,(anonymous_1)
FNF:2
FNH:1
FNDA:66,validate
FNDA:0,(anonymous_1)
DA:1,2
DA:4,66
DA:5,0
DA:11,0
DA:12,0
DA:15,0
DA:16,0
DA:17,0
DA:18,0
DA:22,2
LF:10
LH:3
BRDA:11,0,0,0
BRDA:11,0,1,0
BRF:2
BRH:0
end_of_record
TN:
SF:src\modules\admin\admin.controller.js
FN:4,(anonymous_0)
FN:9,(anonymous_1)
FN:15,(anonymous_2)
FNF:3
FNH:0
FNDA:0,(anonymous_0)
FNDA:0,(anonymous_1)
FNDA:0,(anonymous_2)
DA:1,2
DA:2,2
DA:4,2
DA:5,0
DA:6,0
DA:9,2
DA:10,0
DA:11,0
DA:12,0
DA:15,2
DA:16,0
DA:17,0
DA:18,0
DA:21,2
LF:14
LH:6
BRDA:10,0,0,0
BRDA:10,0,1,0
BRDA:16,1,0,0
BRDA:16,1,1,0
BRF:4
BRH:0
end_of_record
TN:
SF:src\modules\admin\admin.repository.js
FN:6,countUsers
FN:10,countProducts
FN:14,countCategories
FN:18,countOrders
FN:22,sumCompletedRevenue
FN:31,topSellingProducts
FN:47,revenueByDay
FNF:7
FNH:0
FNDA:0,countUsers
FNDA:0,countProducts
FNDA:0,countCategories
FNDA:0,countOrders
FNDA:0,sumCompletedRevenue
FNDA:0,topSellingProducts
FNDA:0,revenueByDay
DA:1,2
DA:2,2
DA:3,2
DA:4,2
DA:7,0
DA:11,0
DA:15,0
DA:19,0
DA:23,0
DA:28,0
DA:32,0
DA:48,0
DA:49,0
DA:50,0
DA:52,0
DA:69,2
LF:16
LH:5
BRDA:6,0,0,0
BRDA:10,1,0,0
BRDA:14,2,0,0
BRDA:18,3,0,0
BRDA:28,4,0,0
BRDA:28,4,1,0
BRDA:31,5,0,0
BRDA:47,6,0,0
BRF:8
BRH:0
end_of_record
TN:
SF:src\modules\admin\admin.routes.js
FNF:0
FNH:0
DA:1,2
DA:2,2
DA:3,2
DA:4,2
DA:6,2
DA:8,2
DA:9,2
DA:10,2
DA:12,2
LF:9
LH:9
BRF:0
BRH:0
end_of_record
TN:
SF:src\modules\admin\admin.service.js
FN:4,getDashboardSummary
FN:54,getRevenueDaily
FN:58,getTopSelling
FNF:3
FNH:0
FNDA:0,getDashboardSummary
FNDA:0,getRevenueDaily
FNDA:0,getTopSelling
DA:1,2
DA:2,2
DA:17,0
DA:31,0
DA:55,0
DA:59,0
DA:62,2
LF:7
LH:3
BRF:0
BRH:0
end_of_record
TN:
SF:src\modules\analytics\analytics.controller.js
FN:6,(anonymous_0)
FN:31,(anonymous_1)
FN:56,(anonymous_2)
FNF:3
FNH:0
FNDA:0,(anonymous_0)
FNDA:0,(anonymous_1)
FNDA:0,(anonymous_2)
DA:1,2
DA:2,2
DA:3,2
DA:4,2
DA:6,2
DA:7,0
DA:8,0
DA:10,0
DA:23,0
DA:31,2
DA:32,0
DA:33,0
DA:34,0
DA:35,0
DA:36,0
DA:38,0
DA:53,0
DA:56,2
DA:57,0
DA:71,0
DA:74,2
LF:21
LH:8
BRDA:24,0,0,0
BRDA:24,0,1,0
BRDA:25,1,0,0
BRDA:25,1,1,0
BRDA:32,2,0,0
BRDA:32,2,1,0
BRDA:33,3,0,0
BRDA:33,3,1,0
BRF:8
BRH:0
end_of_record
TN:
SF:src\modules\analytics\analytics.routes.js
FNF:0
FNH:0
DA:1,2
DA:2,2
DA:3,2
DA:4,2
DA:6,2
DA:7,2
DA:8,2
DA:9,2
DA:10,2
DA:12,2
LF:10
LH:10
BRF:0
BRH:0
end_of_record
TN:
SF:src\modules\auth\auth.controller.js
FN:11,(anonymous_0)
FN:17,(anonymous_1)
FN:23,(anonymous_2)
FNF:3
FNH:0
FNDA:0,(anonymous_0)
FNDA:0,(anonymous_1)
FNDA:0,(anonymous_2)
DA:1,2
DA:2,2
DA:4,2
DA:11,2
DA:12,0
DA:13,0
DA:14,0
DA:17,2
DA:18,0
DA:19,0
DA:20,0
DA:23,2
DA:24,0
DA:25,0
DA:26,0
DA:29,2
LF:16
LH:7
BRDA:24,0,0,0
BRDA:24,0,1,0
BRF:2
BRH:0
end_of_record
TN:
SF:src\modules\auth\auth.repository.js
FN:3,findByEmail
FN:7,findActiveByEmail
FN:11,createUser
FN:15,findById
FNF:4
FNH:0
FNDA:0,findByEmail
FNDA:0,findActiveByEmail
FNDA:0,createUser
FNDA:0,findById
DA:1,2
DA:4,0
DA:8,0
DA:12,0
DA:16,0
DA:19,2
LF:6
LH:2
BRF:0
BRH:0
end_of_record
TN:
SF:src\modules\auth\auth.routes.js
FNF:0
FNH:0
DA:1,2
DA:2,2
DA:3,2
DA:4,2
DA:6,2
DA:8,2
DA:19,2
DA:28,2
DA:29,2
DA:30,2
DA:32,2
LF:11
LH:11
BRF:0
BRH:0
end_of_record
TN:
SF:src\modules\auth\auth.seed.js
FN:22,createToken
FN:31,getLatestOrder
FN:76,(anonymous_2)
FN:144,(anonymous_3)
FNF:4
FNH:0
FNDA:0,createToken
FNDA:0,getLatestOrder
FNDA:0,(anonymous_2)
FNDA:0,(anonymous_3)
DA:6,2
DA:7,2
DA:8,2
DA:9,2
DA:10,2
DA:11,2
DA:12,2
DA:13,2
DA:15,2
DA:19,2
DA:23,0
DA:32,0
DA:34,0
DA:37,0
DA:40,0
DA:42,0
DA:43,0
DA:44,0
DA:45,0
DA:46,0
DA:47,0
DA:48,0
DA:49,0
DA:52,0
DA:55,0
DA:59,0
DA:71,0
DA:72,0
DA:76,2
DA:77,0
DA:78,0
DA:81,0
DA:82,0
DA:83,0
DA:87,0
DA:88,0
DA:91,0
DA:92,0
DA:93,0
DA:95,0
DA:98,0
DA:100,0
DA:102,0
DA:103,0
DA:104,0
DA:105,0
DA:106,0
DA:109,0
DA:110,0
DA:117,0
DA:121,0
DA:122,0
DA:124,0
DA:138,0
DA:139,0
DA:144,2
DA:145,0
DA:146,0
DA:149,0
DA:150,0
DA:153,0
DA:154,0
DA:156,0
DA:157,0
DA:161,0
DA:162,0
DA:165,0
DA:167,0
DA:173,0
DA:174,0
DA:178,2
LF:71
LH:13
BRDA:19,0,0,2
BRDA:19,0,1,2
BRDA:22,1,0,0
BRDA:42,2,0,0
BRDA:42,2,1,0
BRDA:42,3,0,0
BRDA:42,3,1,0
BRDA:45,4,0,0
BRDA:45,4,1,0
BRDA:46,5,0,0
BRDA:46,5,1,0
BRDA:48,6,0,0
BRDA:48,6,1,0
BRDA:52,7,0,0
BRDA:52,7,1,0
BRDA:55,8,0,0
BRDA:55,8,1,0
BRDA:61,9,0,0
BRDA:61,9,1,0
BRDA:62,10,0,0
BRDA:62,10,1,0
BRDA:63,11,0,0
BRDA:63,11,1,0
BRDA:67,12,0,0
BRDA:67,12,1,0
BRDA:67,13,0,0
BRDA:67,13,1,0
BRDA:68,14,0,0
BRDA:68,14,1,0
BRDA:68,14,2,0
BRDA:82,15,0,0
BRDA:82,15,1,0
BRDA:82,16,0,0
BRDA:82,16,1,0
BRDA:87,17,0,0
BRDA:87,17,1,0
BRDA:87,18,0,0
BRDA:87,18,1,0
BRDA:91,19,0,0
BRDA:91,19,1,0
BRDA:92,20,0,0
BRDA:92,20,1,0
BRDA:93,21,0,0
BRDA:93,21,1,0
BRDA:95,22,0,0
BRDA:95,22,1,0
BRDA:100,23,0,0
BRDA:100,23,1,0
BRDA:149,24,0,0
BRDA:149,24,1,0
BRDA:149,25,0,0
BRDA:149,25,1,0
BRDA:156,26,0,0
BRDA:156,26,1,0
BRDA:161,27,0,0
BRDA:161,27,1,0
BRF:56
BRH:2
end_of_record
TN:
SF:src\modules\auth\auth.service.js
FN:7,toPublicUser
FN:17,register
FN:38,login
FN:53,refresh
FNF:4
FNH:2
FNDA:1,toPublicUser
FNDA:2,register
FNDA:0,login
FNDA:0,refresh
DA:1,3
DA:2,3
DA:3,3
DA:4,3
DA:5,3
DA:8,1
DA:18,2
DA:19,2
DA:21,2
DA:22,1
DA:25,1
DA:26,1
DA:28,1
DA:29,1
DA:31,1
DA:39,0
DA:40,0
DA:41,0
DA:43,0
DA:44,0
DA:46,0
DA:54,0
DA:56,0
DA:57,0
DA:58,0
DA:60,0
DA:65,3
LF:27
LH:16
BRDA:19,0,0,2
BRDA:19,0,1,0
BRDA:21,1,0,1
BRDA:21,1,1,1
BRDA:26,2,0,0
BRDA:26,2,1,1
BRDA:41,3,0,0
BRDA:41,3,1,0
BRDA:44,4,0,0
BRDA:44,4,1,0
BRDA:54,5,0,0
BRDA:54,5,1,0
BRDA:58,6,0,0
BRDA:58,6,1,0
BRDA:58,7,0,0
BRDA:58,7,1,0
BRF:16
BRH:4
end_of_record
TN:
SF:src\modules\carts\cart.model.js
FNF:0
FNH:0
DA:1,2
DA:3,2
DA:10,2
LF:3
LH:3
BRF:0
BRH:0
end_of_record
TN:
SF:src\modules\carts\cartItem.model.js
FNF:0
FNH:0
DA:1,2
DA:3,2
DA:12,2
DA:14,2
LF:4
LH:4
BRF:0
BRH:0
end_of_record
TN:
SF:src\modules\carts\carts.controller.js
FN:4,(anonymous_0)
FN:9,(anonymous_1)
FN:14,(anonymous_2)
FN:19,(anonymous_3)
FN:24,(anonymous_4)
FNF:5
FNH:0
FNDA:0,(anonymous_0)
FNDA:0,(anonymous_1)
FNDA:0,(anonymous_2)
FNDA:0,(anonymous_3)
FNDA:0,(anonymous_4)
DA:1,2
DA:2,2
DA:4,2
DA:5,0
DA:6,0
DA:9,2
DA:10,0
DA:11,0
DA:14,2
DA:15,0
DA:16,0
DA:19,2
DA:20,0
DA:21,0
DA:24,2
DA:25,0
DA:26,0
DA:29,2
LF:18
LH:8
BRF:0
BRH:0
end_of_record
TN:
SF:src\modules\carts\carts.repository.js
FN:4,getOrCreateCart
FN:10,findCartByUserId
FN:14,findItemsByCartId
FN:18,findItem
FN:22,createItem
FN:26,updateItemQuantity
FN:30,removeItem
FN:34,clearItems
FNF:8
FNH:0
FNDA:0,getOrCreateCart
FNDA:0,findCartByUserId
FNDA:0,findItemsByCartId
FNDA:0,findItem
FNDA:0,createItem
FNDA:0,updateItemQuantity
FNDA:0,removeItem
FNDA:0,clearItems
DA:1,2
DA:2,2
DA:5,0
DA:6,0
DA:7,0
DA:11,0
DA:15,0
DA:19,0
DA:23,0
DA:27,0
DA:31,0
DA:35,0
DA:38,2
LF:13
LH:3
BRDA:6,0,0,0
BRDA:6,0,1,0
BRF:2
BRH:0
end_of_record
TN:
SF:src\modules\carts\carts.routes.js
FNF:0
FNH:0
DA:1,2
DA:2,2
DA:3,2
DA:4,2
DA:6,2
DA:8,2
DA:14,2
DA:23,2
DA:32,2
DA:38,2
DA:39,2
DA:40,2
DA:41,2
DA:42,2
DA:44,2
LF:15
LH:15
BRF:0
BRH:0
end_of_record
TN:
SF:src\modules\carts\carts.service.js
FN:5,getCartSummary
FN:13,(anonymous_1)
FN:15,(anonymous_2)
FN:18,(anonymous_3)
FN:36,(anonymous_4)
FN:37,(anonymous_5)
FN:42,addItem
FN:63,updateItem
FN:86,removeItem
FN:94,clearCart
FN:100,getCheckoutItems
FN:107,(anonymous_11)
FNF:12
FNH:0
FNDA:0,getCartSummary
FNDA:0,(anonymous_1)
FNDA:0,(anonymous_2)
FNDA:0,(anonymous_3)
FNDA:0,(anonymous_4)
FNDA:0,(anonymous_5)
FNDA:0,addItem
FNDA:0,updateItem
FNDA:0,removeItem
FNDA:0,clearCart
FNDA:0,getCheckoutItems
FNDA:0,(anonymous_11)
DA:1,2
DA:2,2
DA:3,2
DA:6,0
DA:7,0
DA:9,0
DA:10,0
DA:13,0
DA:14,0
DA:15,0
DA:17,0
DA:19,0
DA:20,0
DA:22,0
DA:23,0
DA:36,0
DA:37,0
DA:39,0
DA:43,0
DA:44,0
DA:45,0
DA:47,0
DA:48,0
DA:50,0
DA:51,0
DA:54,0
DA:55,0
DA:57,0
DA:60,0
DA:64,0
DA:65,0
DA:67,0
DA:68,0
DA:70,0
DA:71,0
DA:72,0
DA:75,0
DA:76,0
DA:78,0
DA:79,0
DA:82,0
DA:83,0
DA:87,0
DA:88,0
DA:90,0
DA:91,0
DA:95,0
DA:96,0
DA:97,0
DA:101,0
DA:102,0
DA:104,0
DA:105,0
DA:107,0
DA:113,2
LF:55
LH:4
BRDA:9,0,0,0
BRDA:9,0,1,0
BRDA:20,1,0,0
BRDA:20,1,1,0
BRDA:45,2,0,0
BRDA:45,2,1,0
BRDA:48,3,0,0
BRDA:48,3,1,0
BRDA:50,4,0,0
BRDA:50,4,1,0
BRDA:54,5,0,0
BRDA:54,5,1,0
BRDA:65,6,0,0
BRDA:65,6,1,0
BRDA:68,7,0,0
BRDA:68,7,1,0
BRDA:70,8,0,0
BRDA:70,8,1,0
BRDA:76,9,0,0
BRDA:76,9,1,0
BRDA:78,10,0,0
BRDA:78,10,1,0
BRDA:88,11,0,0
BRDA:88,11,1,0
BRDA:102,12,0,0
BRDA:102,12,1,0
BRDA:105,13,0,0
BRDA:105,13,1,0
BRF:28
BRH:0
end_of_record
TN:
SF:src\modules\categories\categories.controller.js
FN:5,(anonymous_0)
FN:10,(anonymous_1)
FN:17,(anonymous_2)
FN:23,(anonymous_3)
FNF:4
FNH:0
FNDA:0,(anonymous_0)
FNDA:0,(anonymous_1)
FNDA:0,(anonymous_2)
FNDA:0,(anonymous_3)
DA:1,2
DA:2,2
DA:3,2
DA:5,2
DA:6,0
DA:7,0
DA:10,2
DA:11,0
DA:12,0
DA:13,0
DA:14,0
DA:17,2
DA:18,0
DA:19,0
DA:20,0
DA:23,2
DA:24,0
DA:25,0
DA:26,0
DA:29,2
LF:20
LH:8
BRDA:12,0,0,0
BRDA:12,0,1,0
BRDA:19,1,0,0
BRDA:19,1,1,0
BRDA:25,2,0,0
BRDA:25,2,1,0
BRF:6
BRH:0
end_of_record
TN:
SF:src\modules\categories\categories.routes.js
FNF:0
FNH:0
DA:1,2
DA:2,2
DA:3,2
DA:4,2
DA:5,2
DA:7,2
DA:9,2
DA:15,2
DA:16,2
DA:17,2
DA:18,2
DA:20,2
LF:12
LH:12
BRF:0
BRH:0
end_of_record
TN:
SF:src\modules\categories\category.model.js
FNF:0
FNH:0
DA:1,2
DA:3,2
DA:13,2
LF:3
LH:3
BRF:0
BRH:0
end_of_record
TN:
SF:src\modules\coupons\coupon.model.js
FNF:0
FNH:0
DA:1,2
DA:3,2
DA:19,2
LF:3
LH:3
BRF:0
BRH:0
end_of_record
TN:
SF:src\modules\coupons\coupons.routes.js
FN:35,(anonymous_0)
FN:44,(anonymous_1)
FN:58,(anonymous_2)
FNF:3
FNH:0
FNDA:0,(anonymous_0)
FNDA:0,(anonymous_1)
FNDA:0,(anonymous_2)
DA:1,2
DA:2,2
DA:3,2
DA:4,2
DA:5,2
DA:6,2
DA:8,2
DA:10,2
DA:26,2
DA:35,2
DA:36,0
DA:37,0
DA:38,0
DA:40,0
DA:44,2
DA:45,0
DA:46,0
DA:52,0
DA:54,0
DA:58,2
DA:59,0
DA:60,0
DA:61,0
DA:63,0
DA:67,2
LF:25
LH:13
BRF:0
BRH:0
end_of_record
TN:
SF:src\modules\coupons\coupons.service.js
FN:4,resolveCouponDiscount
FN:43,consumeCoupon
FNF:2
FNH:0
FNDA:0,resolveCouponDiscount
FNDA:0,consumeCoupon
DA:1,2
DA:2,2
DA:5,0
DA:7,0
DA:8,0
DA:10,0
DA:11,0
DA:12,0
DA:15,0
DA:16,0
DA:19,0
DA:20,0
DA:23,0
DA:24,0
DA:25,0
DA:27,0
DA:30,0
DA:31,0
DA:34,0
DA:36,0
DA:44,0
DA:45,0
DA:48,2
LF:23
LH:3
BRDA:5,0,0,0
BRDA:5,0,1,0
BRDA:8,1,0,0
BRDA:8,1,1,0
BRDA:11,2,0,0
BRDA:11,2,1,0
BRDA:11,3,0,0
BRDA:11,3,1,0
BRDA:15,4,0,0
BRDA:15,4,1,0
BRDA:15,5,0,0
BRDA:15,5,1,0
BRDA:19,6,0,0
BRDA:19,6,1,0
BRDA:19,7,0,0
BRDA:19,7,1,0
BRDA:24,8,0,0
BRDA:24,8,1,0
BRDA:30,9,0,0
BRDA:30,9,1,0
BRDA:44,10,0,0
BRDA:44,10,1,0
BRF:22
BRH:0
end_of_record
TN:
SF:src\modules\flashSales\flashSale.model.js
FNF:0
FNH:0
DA:1,2
DA:3,2
DA:18,2
LF:3
LH:3
BRF:0
BRH:0
end_of_record
TN:
SF:src\modules\flashSales\flashSales.routes.js
FN:24,(anonymous_0)
FN:33,(anonymous_1)
FNF:2
FNH:0
FNDA:0,(anonymous_0)
FNDA:0,(anonymous_1)
DA:1,2
DA:2,2
DA:3,2
DA:4,2
DA:5,2
DA:7,2
DA:9,2
DA:24,2
DA:25,0
DA:26,0
DA:27,0
DA:29,0
DA:33,2
DA:34,0
DA:35,0
DA:40,0
DA:42,0
DA:46,2
LF:18
LH:10
BRF:0
BRH:0
end_of_record
TN:
SF:src\modules\flashSales\flashSales.service.js
FN:3,getActiveFlashSales
FN:13,(anonymous_1)
FN:20,computeFlashPrice
FN:27,increaseSoldQuantity
FNF:4
FNH:0
FNDA:0,getActiveFlashSales
FNDA:0,(anonymous_1)
FNDA:0,computeFlashPrice
FNDA:0,increaseSoldQuantity
DA:1,2
DA:4,0
DA:5,0
DA:12,0
DA:13,0
DA:14,0
DA:17,0
DA:21,0
DA:22,0
DA:23,0
DA:24,0
DA:28,0
DA:29,0
DA:32,2
LF:14
LH:2
BRDA:21,0,0,0
BRDA:21,0,1,0
BRDA:22,1,0,0
BRDA:22,1,1,0
BRDA:22,2,0,0
BRDA:22,2,1,0
BRDA:23,3,0,0
BRDA:23,3,1,0
BRDA:28,4,0,0
BRDA:28,4,1,0
BRDA:28,5,0,0
BRDA:28,5,1,0
BRF:12
BRH:0
end_of_record
TN:
SF:src\modules\inventory\inventory.routes.js
FN:15,(anonymous_0)
FN:24,(anonymous_1)
FNF:2
FNH:0
FNDA:0,(anonymous_0)
FNDA:0,(anonymous_1)
DA:1,2
DA:2,2
DA:3,2
DA:4,2
DA:5,2
DA:7,2
DA:9,2
DA:15,2
DA:16,0
DA:17,0
DA:18,0
DA:20,0
DA:24,2
DA:25,0
DA:26,0
DA:27,0
DA:28,0
DA:30,0
DA:34,2
LF:19
LH:10
BRDA:27,0,0,0
BRDA:27,0,1,0
BRF:2
BRH:0
end_of_record
TN:
SF:src\modules\inventory\inventory.service.js
FN:5,checkLowStockAndNotify
FNF:1
FNH:0
FNDA:0,checkLowStockAndNotify
DA:1,2
DA:2,2
DA:3,2
DA:6,0
DA:7,0
DA:9,0
DA:10,0
DA:11,0
DA:18,0
DA:21,0
DA:22,0
DA:23,0
DA:29,0
DA:33,2
LF:14
LH:4
BRDA:6,0,0,0
BRDA:6,0,1,0
BRDA:7,1,0,0
BRDA:7,1,1,0
BRDA:10,2,0,0
BRDA:10,2,1,0
BRDA:21,3,0,0
BRDA:21,3,1,0
BRF:8
BRH:0
end_of_record
TN:
SF:src\modules\inventory\inventoryAlert.model.js
FNF:0
FNH:0
DA:1,2
DA:3,2
DA:13,2
LF:3
LH:3
BRF:0
BRH:0
end_of_record
TN:
SF:src\modules\menu\menu.controller.js
FN:5,(anonymous_0)
FN:10,(anonymous_1)
FNF:2
FNH:0
FNDA:0,(anonymous_0)
FNDA:0,(anonymous_1)
DA:1,2
DA:2,2
DA:3,2
DA:5,2
DA:6,0
DA:7,0
DA:10,2
DA:12,0
DA:13,0
DA:15,0
DA:16,0
DA:19,0
DA:20,0
DA:21,0
DA:27,2
LF:15
LH:6
BRDA:15,0,0,0
BRDA:15,0,1,0
BRF:2
BRH:0
end_of_record
TN:
SF:src\modules\menu\menu.model.js
FNF:0
FNH:0
DA:1,2
DA:3,2
DA:30,2
LF:3
LH:3
BRF:0
BRH:0
end_of_record
TN:
SF:src\modules\menu\menu.routes.js
FNF:0
FNH:0
DA:1,2
DA:2,2
DA:3,2
DA:4,2
DA:6,2
DA:16,2
DA:17,2
DA:19,2
LF:8
LH:8
BRF:0
BRH:0
end_of_record
TN:
SF:src\modules\menu\menu.service.js
FN:7,getMenuOverrides
FN:9,(anonymous_1)
FN:13,updateMenuOverrides
FNF:3
FNH:0
FNDA:0,getMenuOverrides
FNDA:0,(anonymous_1)
FNDA:0,updateMenuOverrides
DA:1,2
DA:2,2
DA:3,2
DA:4,2
DA:5,2
DA:8,0
DA:9,0
DA:10,0
DA:14,0
DA:15,0
DA:18,0
DA:19,0
DA:21,0
DA:22,0
DA:23,0
DA:24,0
DA:27,0
DA:28,0
DA:29,0
DA:33,0
DA:49,0
DA:52,0
DA:53,0
DA:55,0
DA:56,0
DA:58,0
DA:62,2
LF:27
LH:6
BRDA:14,0,0,0
BRDA:14,0,1,0
BRDA:14,1,0,0
BRDA:14,1,1,0
BRDA:28,2,0,0
BRDA:28,2,1,0
BRDA:37,3,0,0
BRDA:37,3,1,0
BRF:8
BRH:0
end_of_record
TN:
SF:src\modules\orders\order.model.js
FNF:0
FNH:0
DA:1,2
DA:2,2
DA:4,2
DA:15,2
DA:33,2
LF:5
LH:5
BRF:0
BRH:0
end_of_record
TN:
SF:src\modules\orders\order.state.js
FN:3,canTransition
FNF:1
FNH:1
FNDA:7,canTransition
DA:1,3
DA:4,7
DA:7,3
LF:3
LH:3
BRDA:4,0,0,7
BRDA:4,0,1,0
BRF:2
BRH:1
end_of_record
TN:
SF:src\modules\orders\orders.controller.js
FN:15,buildOrderPayload
FN:16,(anonymous_1)
FN:19,(anonymous_2)
FN:21,(anonymous_3)
FN:84,finalizeAfterOrder
FN:91,createOrderWithTransaction
FN:109,createOrderWithoutTransaction
FN:116,createOrderInternal
FN:130,sendOrderConfirmation
FN:141,(anonymous_9)
FN:157,(anonymous_10)
FN:176,(anonymous_11)
FN:181,(anonymous_12)
FN:188,(anonymous_13)
FNF:14
FNH:0
FNDA:0,buildOrderPayload
FNDA:0,(anonymous_1)
FNDA:0,(anonymous_2)
FNDA:0,(anonymous_3)
FNDA:0,finalizeAfterOrder
FNDA:0,createOrderWithTransaction
FNDA:0,createOrderWithoutTransaction
FNDA:0,createOrderInternal
FNDA:0,sendOrderConfirmation
FNDA:0,(anonymous_9)
FNDA:0,(anonymous_10)
FNDA:0,(anonymous_11)
FNDA:0,(anonymous_12)
FNDA:0,(anonymous_13)
DA:1,2
DA:2,2
DA:3,2
DA:4,2
DA:5,2
DA:6,2
DA:7,2
DA:8,2
DA:9,2
DA:10,2
DA:11,2
DA:12,2
DA:13,2
DA:16,0
DA:17,0
DA:18,0
DA:19,0
DA:21,0
DA:22,0
DA:23,0
DA:24,0
DA:26,0
DA:27,0
DA:28,0
DA:29,0
DA:30,0
DA:33,0
DA:34,0
DA:35,0
DA:36,0
DA:37,0
DA:38,0
DA:39,0
DA:43,0
DA:44,0
DA:46,0
DA:54,0
DA:55,0
DA:56,0
DA:58,0
DA:61,0
DA:62,0
DA:63,0
DA:65,0
DA:85,0
DA:86,0
DA:87,0
DA:92,0
DA:93,0
DA:95,0
DA:96,0
DA:97,0
DA:98,0
DA:99,0
DA:100,0
DA:102,0
DA:103,0
DA:105,0
DA:110,0
DA:111,0
DA:112,0
DA:113,0
DA:117,0
DA:118,0
DA:121,0
DA:125,0
DA:126,0
DA:131,0
DA:132,0
DA:134,0
DA:141,2
DA:142,0
DA:152,0
DA:153,0
DA:154,0
DA:157,2
DA:158,0
DA:160,0
DA:170,0
DA:171,0
DA:172,0
DA:173,0
DA:176,2
DA:177,0
DA:178,0
DA:181,2
DA:182,0
DA:183,0
DA:184,0
DA:185,0
DA:188,2
DA:189,0
DA:190,0
DA:192,0
DA:193,0
DA:194,0
DA:197,0
DA:198,0
DA:199,0
DA:202,2
LF:100
LH:19
BRDA:18,0,0,0
BRDA:18,0,1,0
BRDA:28,1,0,0
BRDA:28,1,1,0
BRDA:29,2,0,0
BRDA:29,2,1,0
BRDA:35,3,0,0
BRDA:35,3,1,0
BRDA:36,4,0,0
BRDA:36,4,1,0
BRDA:36,5,0,0
BRDA:36,5,1,0
BRDA:36,6,0,0
BRDA:36,6,1,0
BRDA:37,7,0,0
BRDA:37,7,1,0
BRDA:55,8,0,0
BRDA:55,8,1,0
BRDA:56,9,0,0
BRDA:56,9,1,0
BRDA:77,10,0,0
BRDA:77,10,1,0
BRDA:121,11,0,0
BRDA:121,11,1,0
BRDA:121,11,2,0
BRDA:125,12,0,0
BRDA:125,12,1,0
BRDA:132,13,0,0
BRDA:132,13,1,0
BRDA:132,14,0,0
BRDA:132,14,1,0
BRDA:137,15,0,0
BRDA:137,15,1,0
BRDA:183,16,0,0
BRDA:183,16,1,0
BRDA:190,17,0,0
BRDA:190,17,1,0
BRDA:193,18,0,0
BRDA:193,18,1,0
BRF:39
BRH:0
end_of_record
TN:
SF:src\modules\orders\orders.routes.js
FNF:0
FNH:0
DA:1,2
DA:2,2
DA:3,2
DA:4,2
DA:5,2
DA:7,2
DA:9,2
DA:17,2
DA:25,2
DA:31,2
DA:37,2
DA:38,2
DA:39,2
DA:40,2
DA:41,2
DA:43,2
LF:16
LH:16
BRF:0
BRH:0
end_of_record
TN:
SF:src\modules\payments\payment.model.js
FNF:0
FNH:0
DA:1,2
DA:3,2
DA:14,2
LF:3
LH:3
BRF:0
BRH:0
end_of_record
TN:
SF:src\modules\payments\payments.controller.js
FN:21,canAccessOrder
FN:27,applyGatewayResult
FN:67,buildStripeCheckout
FN:97,buildVnpayCheckout
FN:141,buildMomoCheckout
FN:194,(anonymous_5)
FN:230,handleStripeWebhookLogic
FN:271,(anonymous_7)
FN:313,(anonymous_8)
FN:347,(anonymous_9)
FN:356,(anonymous_10)
FNF:11
FNH:0
FNDA:0,canAccessOrder
FNDA:0,applyGatewayResult
FNDA:0,buildStripeCheckout
FNDA:0,buildVnpayCheckout
FNDA:0,buildMomoCheckout
FNDA:0,(anonymous_5)
FNDA:0,handleStripeWebhookLogic
FNDA:0,(anonymous_7)
FNDA:0,(anonymous_8)
FNDA:0,(anonymous_9)
FNDA:0,(anonymous_10)
DA:1,2
DA:2,2
DA:3,2
DA:4,2
DA:5,2
DA:6,2
DA:7,2
DA:17,2
DA:19,2
DA:22,0
DA:23,0
DA:24,0
DA:28,0
DA:29,0
DA:30,0
DA:32,0
DA:33,0
DA:36,0
DA:37,0
DA:38,0
DA:39,0
DA:41,0
DA:42,0
DA:44,0
DA:46,0
DA:58,0
DA:68,0
DA:70,0
DA:88,0
DA:98,0
DA:99,0
DA:102,0
DA:103,0
DA:104,0
DA:105,0
DA:106,0
DA:107,0
DA:108,0
DA:109,0
DA:111,0
DA:112,0
DA:128,0
DA:129,0
DA:130,0
DA:132,0
DA:142,0
DA:143,0
DA:146,0
DA:147,0
DA:148,0
DA:149,0
DA:150,0
DA:153,0
DA:157,0
DA:159,0
DA:180,0
DA:181,0
DA:182,0
DA:185,0
DA:194,2
DA:195,0
DA:196,0
DA:197,0
DA:198,0
DA:201,0
DA:202,0
DA:203,0
DA:205,0
DA:213,0
DA:214,0
DA:227,0
DA:231,0
DA:232,0
DA:235,0
DA:236,0
DA:238,0
DA:239,0
DA:240,0
DA:241,0
DA:242,0
DA:253,0
DA:254,0
DA:255,0
DA:256,0
DA:257,0
DA:268,0
DA:271,2
DA:272,0
DA:274,0
DA:275,0
DA:276,0
DA:279,0
DA:280,0
DA:282,0
DA:287,0
DA:288,0
DA:290,0
DA:291,0
DA:300,0
DA:301,0
DA:304,0
DA:305,0
DA:306,0
DA:307,0
DA:309,0
DA:310,0
DA:313,2
DA:314,0
DA:316,0
DA:317,0
DA:318,0
DA:319,0
DA:321,0
DA:322,0
DA:323,0
DA:325,0
DA:334,0
DA:335,0
DA:338,0
DA:339,0
DA:340,0
DA:341,0
DA:344,0
DA:347,2
DA:348,0
DA:349,0
DA:350,0
DA:352,0
DA:353,0
DA:356,2
DA:357,0
DA:358,0
DA:359,0
DA:365,2
LF:134
LH:15
BRDA:19,0,0,0
BRDA:19,0,1,2
BRDA:22,1,0,0
BRDA:22,1,1,0
BRDA:22,2,0,0
BRDA:22,2,1,0
BRDA:23,3,0,0
BRDA:23,3,1,0
BRDA:30,4,0,0
BRDA:30,4,1,0
BRDA:32,5,0,0
BRDA:32,5,1,0
BRDA:37,6,0,0
BRDA:37,6,1,0
BRDA:38,7,0,0
BRDA:38,7,1,0
BRDA:38,8,0,0
BRDA:38,8,1,0
BRDA:41,9,0,0
BRDA:41,9,1,0
BRDA:41,10,0,0
BRDA:41,10,1,0
BRDA:68,11,0,0
BRDA:68,11,1,0
BRDA:98,12,0,0
BRDA:98,12,1,0
BRDA:98,13,0,0
BRDA:98,13,1,0
BRDA:142,14,0,0
BRDA:142,14,1,0
BRDA:142,15,0,0
BRDA:142,15,1,0
BRDA:142,15,2,0
BRDA:181,16,0,0
BRDA:181,16,1,0
BRDA:181,17,0,0
BRDA:181,17,1,0
BRDA:182,18,0,0
BRDA:182,18,1,0
BRDA:195,19,0,0
BRDA:195,19,1,0
BRDA:197,20,0,0
BRDA:197,20,1,0
BRDA:198,21,0,0
BRDA:198,21,1,0
BRDA:201,22,0,0
BRDA:201,22,1,0
BRDA:202,23,0,0
BRDA:202,23,1,0
BRDA:203,24,0,0
BRDA:203,24,1,0
BRDA:231,25,0,0
BRDA:231,25,1,0
BRDA:231,26,0,0
BRDA:231,26,1,0
BRDA:236,27,0,0
BRDA:236,27,1,0
BRDA:238,28,0,0
BRDA:238,28,1,0
BRDA:238,29,0,0
BRDA:238,29,1,0
BRDA:240,30,0,0
BRDA:240,30,1,0
BRDA:241,31,0,0
BRDA:241,31,1,0
BRDA:246,32,0,0
BRDA:246,32,1,0
BRDA:247,33,0,0
BRDA:247,33,1,0
BRDA:253,34,0,0
BRDA:253,34,1,0
BRDA:253,35,0,0
BRDA:253,35,1,0
BRDA:255,36,0,0
BRDA:255,36,1,0
BRDA:256,37,0,0
BRDA:256,37,1,0
BRDA:261,38,0,0
BRDA:261,38,1,0
BRDA:262,39,0,0
BRDA:262,39,1,0
BRDA:272,40,0,0
BRDA:272,40,1,0
BRDA:274,41,0,0
BRDA:274,41,1,0
BRDA:279,42,0,0
BRDA:279,42,1,0
BRDA:280,43,0,0
BRDA:280,43,1,0
BRDA:288,44,0,0
BRDA:288,44,1,0
BRDA:290,45,0,0
BRDA:290,45,1,0
BRDA:294,46,0,0
BRDA:294,46,1,0
BRDA:296,47,0,0
BRDA:296,47,1,0
BRDA:305,48,0,0
BRDA:305,48,1,0
BRDA:307,49,0,0
BRDA:307,49,1,0
BRDA:314,50,0,0
BRDA:314,50,1,0
BRDA:316,51,0,0
BRDA:316,51,1,0
BRDA:319,52,0,0
BRDA:319,52,1,0
BRDA:321,53,0,0
BRDA:321,53,1,0
BRDA:322,54,0,0
BRDA:322,54,1,0
BRDA:323,55,0,0
BRDA:323,55,1,0
BRDA:328,56,0,0
BRDA:328,56,1,0
BRDA:330,57,0,0
BRDA:330,57,1,0
BRDA:330,57,2,0
BRDA:338,58,0,0
BRDA:338,58,1,0
BRDA:339,59,0,0
BRDA:339,59,1,0
BRDA:339,60,0,0
BRDA:339,60,1,0
BRDA:340,61,0,0
BRDA:340,61,1,0
BRDA:340,62,0,0
BRDA:340,62,1,0
BRDA:349,63,0,0
BRDA:349,63,1,0
BRDA:350,64,0,0
BRDA:350,64,1,0
BRDA:353,65,0,0
BRDA:353,65,1,0
BRDA:357,66,0,0
BRDA:357,66,1,0
BRDA:358,67,0,0
BRDA:358,67,1,0
BRF:138
BRH:1
end_of_record
TN:
SF:src\modules\payments\payments.routes.js
FNF:0
FNH:0
DA:1,2
DA:2,2
DA:3,2
DA:10,2
DA:12,2
DA:14,2
DA:23,2
DA:31,2
DA:39,2
DA:40,2
DA:41,2
DA:42,2
DA:43,2
DA:45,2
LF:14
LH:14
BRF:0
BRH:0
end_of_record
TN:
SF:src\modules\payments\payments.utils.js
FN:3,normalizePaymentPayload
FN:14,canonicalizePayload
FN:17,(anonymous_2)
FN:20,signPaymentPayload
FN:25,verifyPaymentSignature
FN:34,sortObjectByKey
FN:37,(anonymous_6)
FN:43,toQueryString
FN:45,(anonymous_8)
FN:49,signVnpay
FN:55,verifyVnpay
FN:64,signMomo
FNF:12
FNH:0
FNDA:0,normalizePaymentPayload
FNDA:0,canonicalizePayload
FNDA:0,(anonymous_2)
FNDA:0,signPaymentPayload
FNDA:0,verifyPaymentSignature
FNDA:0,sortObjectByKey
FNDA:0,(anonymous_6)
FNDA:0,toQueryString
FNDA:0,(anonymous_8)
FNDA:0,signVnpay
FNDA:0,verifyVnpay
FNDA:0,signMomo
DA:1,2
DA:4,0
DA:15,0
DA:16,0
DA:17,0
DA:21,0
DA:22,0
DA:26,0
DA:27,0
DA:28,0
DA:29,0
DA:30,0
DA:31,0
DA:35,0
DA:38,0
DA:39,0
DA:44,0
DA:45,0
DA:50,0
DA:51,0
DA:52,0
DA:56,0
DA:57,0
DA:58,0
DA:59,0
DA:60,0
DA:61,0
DA:65,0
DA:68,2
LF:29
LH:2
BRDA:5,0,0,0
BRDA:5,0,1,0
BRDA:6,1,0,0
BRDA:6,1,1,0
BRDA:7,2,0,0
BRDA:7,2,1,0
BRDA:8,3,0,0
BRDA:8,3,1,0
BRDA:9,4,0,0
BRDA:9,4,1,0
BRDA:10,5,0,0
BRDA:10,5,1,0
BRDA:26,6,0,0
BRDA:26,6,1,0
BRDA:26,7,0,0
BRDA:26,7,1,0
BRDA:30,8,0,0
BRDA:30,8,1,0
BRDA:59,9,0,0
BRDA:59,9,1,0
BRDA:60,10,0,0
BRDA:60,10,1,0
BRF:22
BRH:0
end_of_record
TN:
SF:src\modules\products\product.model.js
FNF:0
FNH:0
DA:1,2
DA:3,2
DA:29,2
LF:3
LH:3
BRF:0
BRH:0
end_of_record
TN:
SF:src\modules\products\products.controller.js
FN:8,buildProductFilter
FN:26,buildSort
FN:32,(anonymous_2)
FN:66,(anonymous_3)
FN:72,(anonymous_4)
FN:83,(anonymous_5)
FN:89,(anonymous_6)
FNF:7
FNH:0
FNDA:0,buildProductFilter
FNDA:0,buildSort
FNDA:0,(anonymous_2)
FNDA:0,(anonymous_3)
FNDA:0,(anonymous_4)
FNDA:0,(anonymous_5)
FNDA:0,(anonymous_6)
DA:1,2
DA:2,2
DA:3,2
DA:4,2
DA:5,2
DA:6,2
DA:9,0
DA:11,0
DA:12,0
DA:13,0
DA:14,0
DA:17,0
DA:18,0
DA:19,0
DA:20,0
DA:23,0
DA:27,0
DA:28,0
DA:29,0
DA:32,2
DA:33,0
DA:34,0
DA:35,0
DA:36,0
DA:37,0
DA:40,0
DA:41,0
DA:42,0
DA:43,0
DA:46,0
DA:49,0
DA:50,0
DA:51,0
DA:52,0
DA:54,0
DA:55,0
DA:59,0
DA:62,0
DA:63,0
DA:66,2
DA:67,0
DA:68,0
DA:69,0
DA:72,2
DA:73,0
DA:74,0
DA:76,0
DA:77,0
DA:79,0
DA:80,0
DA:83,2
DA:84,0
DA:85,0
DA:86,0
DA:89,2
DA:90,0
DA:91,0
DA:92,0
DA:95,2
LF:59
LH:12
BRDA:11,0,0,0
BRDA:11,0,1,0
BRDA:11,1,0,0
BRDA:11,1,1,0
BRDA:13,2,0,0
BRDA:13,2,1,0
BRDA:14,3,0,0
BRDA:14,3,1,0
BRDA:17,4,0,0
BRDA:17,4,1,0
BRDA:27,5,0,0
BRDA:27,5,1,0
BRDA:28,6,0,0
BRDA:28,6,1,0
BRDA:35,7,0,0
BRDA:35,7,1,0
BRDA:37,8,0,0
BRDA:37,8,1,0
BRDA:41,9,0,0
BRDA:41,9,1,0
BRDA:43,10,0,0
BRDA:43,10,1,0
BRDA:49,11,0,0
BRDA:49,11,1,0
BRDA:51,12,0,0
BRDA:51,12,1,0
BRDA:52,13,0,0
BRDA:52,13,1,0
BRDA:62,14,0,0
BRDA:62,14,1,0
BRDA:68,15,0,0
BRDA:68,15,1,0
BRDA:74,16,0,0
BRDA:74,16,1,0
BRDA:77,17,0,0
BRDA:77,17,1,0
BRDA:77,18,0,0
BRDA:77,18,1,0
BRDA:85,19,0,0
BRDA:85,19,1,0
BRDA:91,20,0,0
BRDA:91,20,1,0
BRF:42
BRH:0
end_of_record
TN:
SF:src\modules\products\products.routes.js
FNF:0
FNH:0
DA:1,2
DA:2,2
DA:3,2
DA:4,2
DA:5,2
DA:7,2
DA:9,2
DA:24,2
DA:30,2
DA:31,2
DA:32,2
DA:33,2
DA:34,2
DA:36,2
LF:14
LH:14
BRF:0
BRH:0
end_of_record
TN:
SF:src\modules\reviews\review.model.js
FNF:0
FNH:0
DA:1,2
DA:3,2
DA:14,2
DA:16,2
LF:4
LH:4
BRF:0
BRH:0
end_of_record
TN:
SF:src\modules\reviews\reviews.routes.js
FN:33,refreshProductRating
FN:45,(anonymous_1)
FN:57,(anonymous_2)
FN:77,(anonymous_3)
FNF:4
FNH:0
FNDA:0,refreshProductRating
FNDA:0,(anonymous_1)
FNDA:0,(anonymous_2)
FNDA:0,(anonymous_3)
DA:1,2
DA:2,2
DA:3,2
DA:4,2
DA:5,2
DA:6,2
DA:7,2
DA:9,2
DA:11,2
DA:21,2
DA:27,2
DA:34,0
DA:35,0
DA:40,0
DA:41,0
DA:42,0
DA:45,2
DA:46,0
DA:47,0
DA:51,0
DA:53,0
DA:57,2
DA:58,0
DA:59,0
DA:71,0
DA:73,0
DA:77,2
DA:78,0
DA:79,0
DA:80,0
DA:82,0
DA:83,0
DA:85,0
DA:89,2
LF:34
LH:15
BRDA:40,0,0,0
BRDA:40,0,1,0
BRDA:41,1,0,0
BRDA:41,1,1,0
BRDA:80,2,0,0
BRDA:80,2,1,0
BRF:6
BRH:0
end_of_record
TN:
SF:src\modules\storeOrders\storeOrder.model.js
FNF:0
FNH:0
DA:1,2
DA:3,2
DA:14,2
DA:35,2
LF:4
LH:4
BRF:0
BRH:0
end_of_record
TN:
SF:src\modules\storeOrders\storeOrders.controller.js
FN:11,(anonymous_0)
FN:47,(anonymous_1)
FN:79,(anonymous_2)
FNF:3
FNH:0
FNDA:0,(anonymous_0)
FNDA:0,(anonymous_1)
FNDA:0,(anonymous_2)
DA:1,2
DA:2,2
DA:3,2
DA:5,2
DA:11,2
DA:12,0
DA:29,0
DA:30,0
DA:32,0
DA:33,0
DA:35,0
DA:38,0
DA:47,2
DA:48,0
DA:49,0
DA:50,0
DA:52,0
DA:53,0
DA:54,0
DA:56,0
DA:57,0
DA:59,0
DA:60,0
DA:63,0
DA:68,0
DA:79,2
DA:80,0
DA:81,0
DA:83,0
DA:84,0
DA:85,0
DA:94,0
DA:95,0
DA:96,0
DA:99,0
DA:100,0
DA:102,0
DA:111,2
LF:38
LH:8
BRDA:20,0,0,0
BRDA:20,0,1,0
BRDA:32,1,0,0
BRDA:32,1,1,0
BRDA:32,2,0,0
BRDA:32,2,1,0
BRDA:48,3,0,0
BRDA:48,3,1,0
BRDA:49,4,0,0
BRDA:49,4,1,0
BRDA:53,5,0,0
BRDA:53,5,1,0
BRDA:56,6,0,0
BRDA:56,6,1,0
BRDA:59,7,0,0
BRDA:59,7,1,0
BRDA:81,8,0,0
BRDA:81,8,1,0
BRDA:84,9,0,0
BRDA:84,9,1,0
BRDA:94,10,0,0
BRDA:94,10,1,0
BRDA:95,11,0,0
BRDA:95,11,1,0
BRF:24
BRH:0
end_of_record
TN:
SF:src\modules\storeOrders\storeOrders.routes.js
FNF:0
FNH:0
DA:1,2
DA:2,2
DA:3,2
DA:4,2
DA:5,2
DA:7,2
DA:9,2
DA:39,2
DA:51,2
DA:61,2
DA:62,2
DA:63,2
DA:65,2
LF:13
LH:13
BRF:0
BRH:0
end_of_record
TN:
SF:src\modules\uploads\uploads.controller.js
FN:4,(anonymous_0)
FNF:1
FNH:0
FNDA:0,(anonymous_0)
DA:1,2
DA:2,2
DA:4,2
DA:5,0
DA:6,0
DA:9,2
LF:6
LH:4
BRF:0
BRH:0
end_of_record
TN:
SF:src\modules\uploads\uploads.routes.js
FNF:0
FNH:0
DA:1,2
DA:2,2
DA:3,2
DA:4,2
DA:5,2
DA:7,2
DA:9,2
DA:18,2
DA:20,2
LF:9
LH:9
BRF:0
BRH:0
end_of_record
TN:
SF:src\modules\uploads\uploads.service.js
FN:4,uploadImage
FNF:1
FNH:0
FNDA:0,uploadImage
DA:1,2
DA:2,2
DA:5,0
DA:6,0
DA:9,0
DA:10,0
DA:15,0
DA:19,2
LF:8
LH:3
BRDA:5,0,0,0
BRDA:5,0,1,0
BRDA:5,1,0,0
BRDA:5,1,1,0
BRDA:12,2,0,0
BRDA:12,2,1,0
BRDA:15,3,0,0
BRDA:15,3,1,0
BRF:8
BRH:0
end_of_record
TN:
SF:src\modules\users\user.model.js
FNF:0
FNH:0
DA:1,2
DA:2,2
DA:4,2
DA:15,2
LF:4
LH:4
BRF:0
BRH:0
end_of_record
TN:
SF:src\modules\users\users.controller.js
FN:4,(anonymous_0)
FN:9,(anonymous_1)
FN:14,(anonymous_2)
FN:19,(anonymous_3)
FNF:4
FNH:0
FNDA:0,(anonymous_0)
FNDA:0,(anonymous_1)
FNDA:0,(anonymous_2)
FNDA:0,(anonymous_3)
DA:1,2
DA:2,2
DA:4,2
DA:5,0
DA:6,0
DA:9,2
DA:10,0
DA:11,0
DA:14,2
DA:15,0
DA:16,0
DA:19,2
DA:20,0
DA:21,0
DA:24,2
LF:15
LH:7
BRF:0
BRH:0
end_of_record
TN:
SF:src\modules\users\users.repository.js
FN:3,findPublicById
FN:7,findById
FN:11,findMany
FN:20,count
FN:24,updateById
FN:30,countByRole
FN:34,countActiveUsers
FNF:7
FNH:0
FNDA:0,findPublicById
FNDA:0,findById
FNDA:0,findMany
FNDA:0,count
FNDA:0,updateById
FNDA:0,countByRole
FNDA:0,countActiveUsers
DA:1,2
DA:4,0
DA:8,0
DA:12,0
DA:21,0
DA:25,0
DA:31,0
DA:35,0
DA:38,2
LF:9
LH:2
BRF:0
BRH:0
end_of_record
TN:
SF:src\modules\users\users.routes.js
FN:28,(anonymous_0)
FNF:1
FNH:0
FNDA:0,(anonymous_0)
DA:1,2
DA:2,2
DA:3,2
DA:4,2
DA:5,2
DA:7,2
DA:9,2
DA:21,2
DA:28,0
DA:33,2
DA:34,2
DA:35,2
DA:36,2
DA:38,2
LF:14
LH:13
BRF:0
BRH:0
end_of_record
TN:
SF:src\modules\users\users.service.js
FN:6,getMe
FN:12,listMembers
FN:32,updateMember
FN:45,memberStats
FNF:4
FNH:2
FNDA:0,getMe
FNDA:0,listMembers
FNDA:1,updateMember
FNDA:1,memberStats
DA:1,3
DA:2,3
DA:3,3
DA:4,3
DA:7,0
DA:8,0
DA:9,0
DA:13,0
DA:14,0
DA:16,0
DA:17,0
DA:18,0
DA:19,0
DA:20,0
DA:21,0
DA:24,0
DA:29,0
DA:33,1
DA:34,1
DA:36,1
DA:37,1
DA:40,0
DA:41,0
DA:42,0
DA:46,1
DA:52,1
DA:55,3
LF:27
LH:11
BRDA:8,0,0,0
BRDA:8,0,1,0
BRDA:16,1,0,0
BRDA:16,1,1,0
BRDA:17,2,0,0
BRDA:17,2,1,0
BRDA:18,3,0,0
BRDA:18,3,1,0
BRDA:34,4,0,0
BRDA:34,4,1,1
BRDA:36,5,0,1
BRDA:36,5,1,0
BRDA:36,6,0,1
BRDA:36,6,1,1
BRDA:36,6,2,1
BRDA:41,7,0,0
BRDA:41,7,1,0
BRF:17
BRH:5
end_of_record
TN:
SF:src\modules\wishlist\wishlist.model.js
FNF:0
FNH:0
DA:1,2
DA:3,2
DA:11,2
DA:13,2
LF:4
LH:4
BRF:0
BRH:0
end_of_record
TN:
SF:src\modules\wishlist\wishlist.routes.js
FN:20,(anonymous_0)
FN:29,(anonymous_1)
FN:43,(anonymous_2)
FNF:3
FNH:0
FNDA:0,(anonymous_0)
FNDA:0,(anonymous_1)
FNDA:0,(anonymous_2)
DA:1,2
DA:2,2
DA:3,2
DA:4,2
DA:6,2
DA:8,2
DA:14,2
DA:20,2
DA:21,0
DA:22,0
DA:23,0
DA:25,0
DA:29,2
DA:30,0
DA:31,0
DA:36,0
DA:37,0
DA:39,0
DA:43,2
DA:44,0
DA:45,0
DA:46,0
DA:47,0
DA:49,0
DA:53,2
LF:25
LH:11
BRF:0
BRH:0
end_of_record
TN:
SF:src\services\mailer.js
FN:6,getTransporter
FN:11,(anonymous_1)
FN:32,sendMail
FNF:3
FNH:0
FNDA:0,getTransporter
FNDA:0,(anonymous_1)
FNDA:0,sendMail
DA:1,2
DA:2,2
DA:7,0
DA:9,0
DA:10,0
DA:12,0
DA:13,0
DA:16,0
DA:19,0
DA:29,0
DA:33,0
DA:34,0
DA:42,2
LF:13
LH:3
BRDA:7,0,0,0
BRDA:7,0,1,0
BRDA:9,1,0,0
BRDA:9,1,1,0
BRDA:9,2,0,0
BRDA:9,2,1,0
BRDA:9,2,2,0
BRF:7
BRH:0
end_of_record
TN:
SF:src\utils\apiError.js
FN:2,(anonymous_0)
FNF:1
FNH:1
FNDA:2,(anonymous_0)
DA:3,2
DA:4,2
DA:5,2
DA:9,4
LF:4
LH:4
BRF:0
BRH:0
end_of_record
TN:
SF:src\utils\asyncHandler.js
FN:1,asyncHandler
FN:2,(anonymous_1)
FNF:2
FNH:1
FNDA:86,asyncHandler
FNDA:0,(anonymous_1)
DA:2,86
DA:3,0
DA:7,2
LF:3
LH:2
BRF:0
BRH:0
end_of_record
TN:
SF:src\utils\jwt.js
FN:4,signAccessToken
FN:8,signRefreshToken
FN:12,verifyAccessToken
FN:16,verifyRefreshToken
FNF:4
FNH:0
FNDA:0,signAccessToken
FNDA:0,signRefreshToken
FNDA:0,verifyAccessToken
FNDA:0,verifyRefreshToken
DA:1,2
DA:2,2
DA:5,0
DA:9,0
DA:13,0
DA:17,0
DA:20,2
LF:7
LH:3
BRF:0
BRH:0
end_of_record
TN:
SF:src\utils\pagination.js
FN:1,buildPaginationQuery
FNF:1
FNH:0
FNDA:0,buildPaginationQuery
DA:2,0
DA:3,0
DA:4,0
DA:5,0
DA:8,3
LF:5
LH:1
BRDA:2,0,0,0
BRDA:2,0,1,0
BRDA:3,1,0,0
BRDA:3,1,1,0
BRF:4
BRH:0
end_of_record
